[1.202s] DEBUG:colcon:Command line arguments: ['/usr/bin/colcon', 'build', '--packages-select', 'hexapodLegC_description']
[1.202s] DEBUG:colcon:Parsed command line arguments: Namespace(log_base=None, log_level=None, verb_name='build', build_base='build', install_base='install', merge_install=False, symlink_install=False, test_result_base=None, continue_on_error=False, executor='parallel', parallel_workers=2, event_handlers=None, ignore_user_meta=False, metas=['./colcon.meta'], base_paths=['.'], packages_ignore=None, packages_ignore_regex=None, paths=None, packages_up_to=None, packages_up_to_regex=None, packages_above=None, packages_above_and_dependencies=None, packages_above_depth=None, packages_select_by_dep=None, packages_skip_by_dep=None, packages_skip_up_to=None, packages_select_build_failed=False, packages_skip_build_finished=False, packages_select_test_failures=False, packages_skip_test_passed=False, packages_select=['hexapodLegC_description'], packages_skip=None, packages_select_regex=None, packages_skip_regex=None, packages_start=None, packages_end=None, allow_overriding=[], cmake_args=None, cmake_target=None, cmake_target_skip_unavailable=False, cmake_clean_cache=False, cmake_clean_first=False, cmake_force_configure=False, ament_cmake_args=None, catkin_cmake_args=None, catkin_skip_building_tests=False, mixin_files=None, mixin=None, verb_parser=<colcon_mixin.mixin.mixin_argument.MixinArgumentDecorator object at 0x7f62cda1f130>, verb_extension=<colcon_core.verb.build.BuildVerb object at 0x7f62cda1e890>, main=<bound method BuildVerb.main of <colcon_core.verb.build.BuildVerb object at 0x7f62cda1e890>>, mixin_verb=('build',))
[1.249s] Level 1:colcon.colcon_core.package_discovery:discover_packages(colcon_meta) check parameters
[1.249s] Level 1:colcon.colcon_core.package_discovery:discover_packages(recursive) check parameters
[1.249s] Level 1:colcon.colcon_core.package_discovery:discover_packages(ignore) check parameters
[1.249s] Level 1:colcon.colcon_core.package_discovery:discover_packages(path) check parameters
[1.249s] Level 1:colcon.colcon_core.package_discovery:discover_packages(colcon_meta) discover
[1.250s] Level 1:colcon.colcon_core.package_discovery:discover_packages(recursive) discover
[1.250s] INFO:colcon.colcon_core.package_discovery:Crawling recursively for packages in '/home/tsmusr/ROS2Dev/hexapod_ws'
[1.250s] Level 1:colcon.colcon_core.package_identification:_identify(.) by extensions ['ignore', 'ignore_ament_install']
[1.250s] Level 1:colcon.colcon_core.package_identification:_identify(.) by extension 'ignore'
[1.250s] Level 1:colcon.colcon_core.package_identification:_identify(.) by extension 'ignore_ament_install'
[1.250s] Level 1:colcon.colcon_core.package_identification:_identify(.) by extensions ['colcon_pkg']
[1.250s] Level 1:colcon.colcon_core.package_identification:_identify(.) by extension 'colcon_pkg'
[1.251s] Level 1:colcon.colcon_core.package_identification:_identify(.) by extensions ['colcon_meta']
[1.251s] Level 1:colcon.colcon_core.package_identification:_identify(.) by extension 'colcon_meta'
[1.251s] Level 1:colcon.colcon_core.package_identification:_identify(.) by extensions ['ros']
[1.251s] Level 1:colcon.colcon_core.package_identification:_identify(.) by extension 'ros'
[1.267s] Level 1:colcon.colcon_core.package_identification:_identify(.) by extensions ['cmake', 'python']
[1.267s] Level 1:colcon.colcon_core.package_identification:_identify(.) by extension 'cmake'
[1.267s] Level 1:colcon.colcon_core.package_identification:_identify(.) by extension 'python'
[1.267s] Level 1:colcon.colcon_core.package_identification:_identify(.) by extensions ['python_setup_py']
[1.267s] Level 1:colcon.colcon_core.package_identification:_identify(.) by extension 'python_setup_py'
[1.267s] Level 1:colcon.colcon_core.package_identification:_identify(build) by extensions ['ignore', 'ignore_ament_install']
[1.268s] Level 1:colcon.colcon_core.package_identification:_identify(build) by extension 'ignore'
[1.268s] Level 1:colcon.colcon_core.package_identification:_identify(build) ignored
[1.268s] Level 1:colcon.colcon_core.package_identification:_identify(install) by extensions ['ignore', 'ignore_ament_install']
[1.268s] Level 1:colcon.colcon_core.package_identification:_identify(install) by extension 'ignore'
[1.268s] Level 1:colcon.colcon_core.package_identification:_identify(install) ignored
[1.268s] Level 1:colcon.colcon_core.package_identification:_identify(log) by extensions ['ignore', 'ignore_ament_install']
[1.268s] Level 1:colcon.colcon_core.package_identification:_identify(log) by extension 'ignore'
[1.269s] Level 1:colcon.colcon_core.package_identification:_identify(log) ignored
[1.269s] Level 1:colcon.colcon_core.package_identification:_identify(src) by extensions ['ignore', 'ignore_ament_install']
[1.269s] Level 1:colcon.colcon_core.package_identification:_identify(src) by extension 'ignore'
[1.269s] Level 1:colcon.colcon_core.package_identification:_identify(src) by extension 'ignore_ament_install'
[1.269s] Level 1:colcon.colcon_core.package_identification:_identify(src) by extensions ['colcon_pkg']
[1.269s] Level 1:colcon.colcon_core.package_identification:_identify(src) by extension 'colcon_pkg'
[1.269s] Level 1:colcon.colcon_core.package_identification:_identify(src) by extensions ['colcon_meta']
[1.269s] Level 1:colcon.colcon_core.package_identification:_identify(src) by extension 'colcon_meta'
[1.269s] Level 1:colcon.colcon_core.package_identification:_identify(src) by extensions ['ros']
[1.270s] Level 1:colcon.colcon_core.package_identification:_identify(src) by extension 'ros'
[1.270s] Level 1:colcon.colcon_core.package_identification:_identify(src) by extensions ['cmake', 'python']
[1.270s] Level 1:colcon.colcon_core.package_identification:_identify(src) by extension 'cmake'
[1.270s] Level 1:colcon.colcon_core.package_identification:_identify(src) by extension 'python'
[1.270s] Level 1:colcon.colcon_core.package_identification:_identify(src) by extensions ['python_setup_py']
[1.270s] Level 1:colcon.colcon_core.package_identification:_identify(src) by extension 'python_setup_py'
[1.270s] Level 1:colcon.colcon_core.package_identification:_identify(src/hexapodLegC_description) by extensions ['ignore', 'ignore_ament_install']
[1.270s] Level 1:colcon.colcon_core.package_identification:_identify(src/hexapodLegC_description) by extension 'ignore'
[1.270s] Level 1:colcon.colcon_core.package_identification:_identify(src/hexapodLegC_description) by extension 'ignore_ament_install'
[1.271s] Level 1:colcon.colcon_core.package_identification:_identify(src/hexapodLegC_description) by extensions ['colcon_pkg']
[1.271s] Level 1:colcon.colcon_core.package_identification:_identify(src/hexapodLegC_description) by extension 'colcon_pkg'
[1.271s] Level 1:colcon.colcon_core.package_identification:_identify(src/hexapodLegC_description) by extensions ['colcon_meta']
[1.271s] Level 1:colcon.colcon_core.package_identification:_identify(src/hexapodLegC_description) by extension 'colcon_meta'
[1.271s] Level 1:colcon.colcon_core.package_identification:_identify(src/hexapodLegC_description) by extensions ['ros']
[1.271s] Level 1:colcon.colcon_core.package_identification:_identify(src/hexapodLegC_description) by extension 'ros'
[1.273s] DEBUG:colcon.colcon_core.package_identification:Package 'src/hexapodLegC_description' with type 'ros.ament_cmake' and name 'hexapodLegC_description'
[1.273s] Level 1:colcon.colcon_core.package_discovery:discover_packages(recursive) using defaults
[1.273s] Level 1:colcon.colcon_core.package_discovery:discover_packages(ignore) discover
[1.273s] Level 1:colcon.colcon_core.package_discovery:discover_packages(ignore) using defaults
[1.273s] Level 1:colcon.colcon_core.package_discovery:discover_packages(path) discover
[1.273s] Level 1:colcon.colcon_core.package_discovery:discover_packages(path) using defaults
[1.374s] Level 1:colcon.colcon_core.package_discovery:discover_packages(prefix_path) check parameters
[1.374s] Level 1:colcon.colcon_core.package_discovery:discover_packages(prefix_path) discover
[1.421s] DEBUG:colcon.colcon_installed_package_information.package_discovery:Found 0 installed packages in /home/tsmusr/ROS2Dev/hexapod_ws/install
[1.432s] DEBUG:colcon.colcon_installed_package_information.package_discovery:Found 0 installed packages in /home/tsmusr/ws_moveit2/install
[1.444s] DEBUG:colcon.colcon_installed_package_information.package_discovery:Found 15 installed packages in /home/tsmusr/ROS2Dev/turtlebot3_ws/install
[1.459s] DEBUG:colcon.colcon_installed_package_information.package_discovery:Found 2 installed packages in /home/tsmusr/ROS2Dev/my_robot_ws/install
[1.477s] DEBUG:colcon.colcon_installed_package_information.package_discovery:Found 395 installed packages in /opt/ros/humble
[1.479s] Level 1:colcon.colcon_core.package_discovery:discover_packages(prefix_path) using defaults
[1.576s] Level 5:colcon.colcon_core.verb:set package 'hexapodLegC_description' build argument 'cmake_args' from command line to 'None'
[1.576s] Level 5:colcon.colcon_core.verb:set package 'hexapodLegC_description' build argument 'cmake_target' from command line to 'None'
[1.577s] Level 5:colcon.colcon_core.verb:set package 'hexapodLegC_description' build argument 'cmake_target_skip_unavailable' from command line to 'False'
[1.577s] Level 5:colcon.colcon_core.verb:set package 'hexapodLegC_description' build argument 'cmake_clean_cache' from command line to 'False'
[1.578s] Level 5:colcon.colcon_core.verb:set package 'hexapodLegC_description' build argument 'cmake_clean_first' from command line to 'False'
[1.578s] Level 5:colcon.colcon_core.verb:set package 'hexapodLegC_description' build argument 'cmake_force_configure' from command line to 'False'
[1.578s] Level 5:colcon.colcon_core.verb:set package 'hexapodLegC_description' build argument 'ament_cmake_args' from command line to 'None'
[1.579s] Level 5:colcon.colcon_core.verb:set package 'hexapodLegC_description' build argument 'catkin_cmake_args' from command line to 'None'
[1.579s] Level 5:colcon.colcon_core.verb:set package 'hexapodLegC_description' build argument 'catkin_skip_building_tests' from command line to 'False'
[1.579s] DEBUG:colcon.colcon_core.verb:Building package 'hexapodLegC_description' with the following arguments: {'ament_cmake_args': None, 'build_base': '/home/tsmusr/ROS2Dev/hexapod_ws/build/hexapodLegC_description', 'catkin_cmake_args': None, 'catkin_skip_building_tests': False, 'cmake_args': None, 'cmake_clean_cache': False, 'cmake_clean_first': False, 'cmake_force_configure': False, 'cmake_target': None, 'cmake_target_skip_unavailable': False, 'install_base': '/home/tsmusr/ROS2Dev/hexapod_ws/install/hexapodLegC_description', 'merge_install': False, 'path': '/home/tsmusr/ROS2Dev/hexapod_ws/src/hexapodLegC_description', 'symlink_install': False, 'test_result_base': None}
[1.607s] INFO:colcon.colcon_core.executor:Executing jobs using 'parallel' executor
[1.619s] DEBUG:colcon.colcon_parallel_executor.executor.parallel:run_until_complete
[1.619s] INFO:colcon.colcon_ros.task.ament_cmake.build:Building ROS package in '/home/tsmusr/ROS2Dev/hexapod_ws/src/hexapodLegC_description' with build type 'ament_cmake'
[1.619s] INFO:colcon.colcon_cmake.task.cmake.build:Building CMake package in '/home/tsmusr/ROS2Dev/hexapod_ws/src/hexapodLegC_description'
[1.633s] INFO:colcon.colcon_core.plugin_system:Skipping extension 'colcon_core.shell.bat': Not used on non-Windows systems
[1.633s] INFO:colcon.colcon_core.shell:Skip shell extension 'powershell' for command environment: Not usable outside of PowerShell
[1.633s] DEBUG:colcon.colcon_core.shell:Skip shell extension 'dsv' for command environment
[1.712s] DEBUG:colcon.colcon_core.event_handler.log_command:Invoking command in '/home/tsmusr/ROS2Dev/hexapod_ws/build/hexapodLegC_description': CMAKE_PREFIX_PATH=${CMAKE_PREFIX_PATH}:/home/tsmusr/ROS2Dev/turtlebot3_ws/install/turtlebot3_teleop:/home/tsmusr/ROS2Dev/turtlebot3_ws/install/turtlebot3_example:/opt/ros/humble /usr/bin/cmake /home/tsmusr/ROS2Dev/hexapod_ws/src/hexapodLegC_description -DCMAKE_INSTALL_PREFIX=/home/tsmusr/ROS2Dev/hexapod_ws/install/hexapodLegC_description
[3.151s] DEBUG:colcon.colcon_core.event_handler.log_command:Invoked command in '/home/tsmusr/ROS2Dev/hexapod_ws/build/hexapodLegC_description' returned '0': CMAKE_PREFIX_PATH=${CMAKE_PREFIX_PATH}:/home/tsmusr/ROS2Dev/turtlebot3_ws/install/turtlebot3_teleop:/home/tsmusr/ROS2Dev/turtlebot3_ws/install/turtlebot3_example:/opt/ros/humble /usr/bin/cmake /home/tsmusr/ROS2Dev/hexapod_ws/src/hexapodLegC_description -DCMAKE_INSTALL_PREFIX=/home/tsmusr/ROS2Dev/hexapod_ws/install/hexapodLegC_description
[3.152s] DEBUG:colcon.colcon_core.event_handler.log_command:Invoking command in '/home/tsmusr/ROS2Dev/hexapod_ws/build/hexapodLegC_description': CMAKE_PREFIX_PATH=${CMAKE_PREFIX_PATH}:/home/tsmusr/ROS2Dev/turtlebot3_ws/install/turtlebot3_teleop:/home/tsmusr/ROS2Dev/turtlebot3_ws/install/turtlebot3_example:/opt/ros/humble /usr/bin/cmake --build /home/tsmusr/ROS2Dev/hexapod_ws/build/hexapodLegC_description -- -j2 -l2
[3.195s] DEBUG:colcon.colcon_core.event_handler.log_command:Invoked command in '/home/tsmusr/ROS2Dev/hexapod_ws/build/hexapodLegC_description' returned '0': CMAKE_PREFIX_PATH=${CMAKE_PREFIX_PATH}:/home/tsmusr/ROS2Dev/turtlebot3_ws/install/turtlebot3_teleop:/home/tsmusr/ROS2Dev/turtlebot3_ws/install/turtlebot3_example:/opt/ros/humble /usr/bin/cmake --build /home/tsmusr/ROS2Dev/hexapod_ws/build/hexapodLegC_description -- -j2 -l2
[3.224s] DEBUG:colcon.colcon_core.event_handler.log_command:Invoking command in '/home/tsmusr/ROS2Dev/hexapod_ws/build/hexapodLegC_description': CMAKE_PREFIX_PATH=${CMAKE_PREFIX_PATH}:/home/tsmusr/ROS2Dev/turtlebot3_ws/install/turtlebot3_teleop:/home/tsmusr/ROS2Dev/turtlebot3_ws/install/turtlebot3_example:/opt/ros/humble /usr/bin/cmake --install /home/tsmusr/ROS2Dev/hexapod_ws/build/hexapodLegC_description
[3.254s] Level 1:colcon.colcon_core.environment:create_environment_scripts_only(hexapodLegC_description)
[3.265s] DEBUG:colcon.colcon_core.event_handler.log_command:Invoked command in '/home/tsmusr/ROS2Dev/hexapod_ws/build/hexapodLegC_description' returned '0': CMAKE_PREFIX_PATH=${CMAKE_PREFIX_PATH}:/home/tsmusr/ROS2Dev/turtlebot3_ws/install/turtlebot3_teleop:/home/tsmusr/ROS2Dev/turtlebot3_ws/install/turtlebot3_example:/opt/ros/humble /usr/bin/cmake --install /home/tsmusr/ROS2Dev/hexapod_ws/build/hexapodLegC_description
[3.281s] Level 1:colcon.colcon_core.environment:checking '/home/tsmusr/ROS2Dev/hexapod_ws/install/hexapodLegC_description' for CMake module files
[3.282s] Level 1:colcon.colcon_core.environment:checking '/home/tsmusr/ROS2Dev/hexapod_ws/install/hexapodLegC_description' for CMake config files
[3.282s] Level 1:colcon.colcon_core.shell:create_environment_hook('hexapodLegC_description', 'cmake_prefix_path')
[3.294s] INFO:colcon.colcon_core.shell:Creating environment hook '/home/tsmusr/ROS2Dev/hexapod_ws/install/hexapodLegC_description/share/hexapodLegC_description/hook/cmake_prefix_path.ps1'
[3.295s] INFO:colcon.colcon_core.shell:Creating environment descriptor '/home/tsmusr/ROS2Dev/hexapod_ws/install/hexapodLegC_description/share/hexapodLegC_description/hook/cmake_prefix_path.dsv'
[3.296s] INFO:colcon.colcon_core.shell:Creating environment hook '/home/tsmusr/ROS2Dev/hexapod_ws/install/hexapodLegC_description/share/hexapodLegC_description/hook/cmake_prefix_path.sh'
[3.298s] Level 1:colcon.colcon_core.environment:checking '/home/tsmusr/ROS2Dev/hexapod_ws/install/hexapodLegC_description/bin'
[3.298s] Level 1:colcon.colcon_core.environment:checking '/home/tsmusr/ROS2Dev/hexapod_ws/install/hexapodLegC_description/lib/pkgconfig/hexapodLegC_description.pc'
[3.298s] Level 1:colcon.colcon_core.environment:checking '/home/tsmusr/ROS2Dev/hexapod_ws/install/hexapodLegC_description/lib/python3.10/site-packages'
[3.298s] Level 1:colcon.colcon_core.environment:checking '/home/tsmusr/ROS2Dev/hexapod_ws/install/hexapodLegC_description/bin'
[3.313s] INFO:colcon.colcon_core.shell:Creating package script '/home/tsmusr/ROS2Dev/hexapod_ws/install/hexapodLegC_description/share/hexapodLegC_description/package.ps1'
[3.314s] INFO:colcon.colcon_core.shell:Creating package descriptor '/home/tsmusr/ROS2Dev/hexapod_ws/install/hexapodLegC_description/share/hexapodLegC_description/package.dsv'
[3.315s] INFO:colcon.colcon_core.shell:Creating package script '/home/tsmusr/ROS2Dev/hexapod_ws/install/hexapodLegC_description/share/hexapodLegC_description/package.sh'
[3.316s] INFO:colcon.colcon_core.shell:Creating package script '/home/tsmusr/ROS2Dev/hexapod_ws/install/hexapodLegC_description/share/hexapodLegC_description/package.bash'
[3.318s] INFO:colcon.colcon_core.shell:Creating package script '/home/tsmusr/ROS2Dev/hexapod_ws/install/hexapodLegC_description/share/hexapodLegC_description/package.zsh'
[3.318s] Level 1:colcon.colcon_core.environment:create_file_with_runtime_dependencies(/home/tsmusr/ROS2Dev/hexapod_ws/install/hexapodLegC_description/share/colcon-core/packages/hexapodLegC_description)
[3.352s] Level 1:colcon.colcon_core.environment:create_environment_scripts_only(hexapodLegC_description)
[3.376s] Level 1:colcon.colcon_core.environment:checking '/home/tsmusr/ROS2Dev/hexapod_ws/install/hexapodLegC_description' for CMake module files
[3.377s] Level 1:colcon.colcon_core.environment:checking '/home/tsmusr/ROS2Dev/hexapod_ws/install/hexapodLegC_description' for CMake config files
[3.378s] Level 1:colcon.colcon_core.shell:create_environment_hook('hexapodLegC_description', 'cmake_prefix_path')
[3.400s] INFO:colcon.colcon_core.shell:Creating environment hook '/home/tsmusr/ROS2Dev/hexapod_ws/install/hexapodLegC_description/share/hexapodLegC_description/hook/cmake_prefix_path.ps1'
[3.402s] INFO:colcon.colcon_core.shell:Creating environment descriptor '/home/tsmusr/ROS2Dev/hexapod_ws/install/hexapodLegC_description/share/hexapodLegC_description/hook/cmake_prefix_path.dsv'
[3.403s] INFO:colcon.colcon_core.shell:Creating environment hook '/home/tsmusr/ROS2Dev/hexapod_ws/install/hexapodLegC_description/share/hexapodLegC_description/hook/cmake_prefix_path.sh'
[3.403s] Level 1:colcon.colcon_core.environment:checking '/home/tsmusr/ROS2Dev/hexapod_ws/install/hexapodLegC_description/bin'
[3.404s] Level 1:colcon.colcon_core.environment:checking '/home/tsmusr/ROS2Dev/hexapod_ws/install/hexapodLegC_description/lib/pkgconfig/hexapodLegC_description.pc'
[3.404s] Level 1:colcon.colcon_core.environment:checking '/home/tsmusr/ROS2Dev/hexapod_ws/install/hexapodLegC_description/lib/python3.10/site-packages'
[3.404s] Level 1:colcon.colcon_core.environment:checking '/home/tsmusr/ROS2Dev/hexapod_ws/install/hexapodLegC_description/bin'
[3.421s] INFO:colcon.colcon_core.shell:Creating package script '/home/tsmusr/ROS2Dev/hexapod_ws/install/hexapodLegC_description/share/hexapodLegC_description/package.ps1'
[3.421s] INFO:colcon.colcon_core.shell:Creating package descriptor '/home/tsmusr/ROS2Dev/hexapod_ws/install/hexapodLegC_description/share/hexapodLegC_description/package.dsv'
[3.422s] INFO:colcon.colcon_core.shell:Creating package script '/home/tsmusr/ROS2Dev/hexapod_ws/install/hexapodLegC_description/share/hexapodLegC_description/package.sh'
[3.423s] INFO:colcon.colcon_core.shell:Creating package script '/home/tsmusr/ROS2Dev/hexapod_ws/install/hexapodLegC_description/share/hexapodLegC_description/package.bash'
[3.423s] INFO:colcon.colcon_core.shell:Creating package script '/home/tsmusr/ROS2Dev/hexapod_ws/install/hexapodLegC_description/share/hexapodLegC_description/package.zsh'
[3.424s] Level 1:colcon.colcon_core.environment:create_file_with_runtime_dependencies(/home/tsmusr/ROS2Dev/hexapod_ws/install/hexapodLegC_description/share/colcon-core/packages/hexapodLegC_description)
[3.424s] DEBUG:colcon.colcon_parallel_executor.executor.parallel:closing loop
[3.426s] DEBUG:colcon.colcon_parallel_executor.executor.parallel:loop closed
[3.426s] DEBUG:colcon.colcon_parallel_executor.executor.parallel:run_until_complete finished with '0'
[3.426s] DEBUG:colcon.colcon_core.event_reactor:joining thread
[3.444s] INFO:colcon.colcon_core.plugin_system:Skipping extension 'colcon_notification.desktop_notification.terminal_notifier': Not used on non-Darwin systems
[3.445s] INFO:colcon.colcon_core.plugin_system:Skipping extension 'colcon_notification.desktop_notification.win32': Not used on non-Windows systems
[3.445s] INFO:colcon.colcon_notification.desktop_notification:Sending desktop notification using 'notify2'
[3.479s] DEBUG:colcon.colcon_core.event_reactor:joined thread
[3.501s] INFO:colcon.colcon_core.shell:Creating prefix script '/home/tsmusr/ROS2Dev/hexapod_ws/install/local_setup.ps1'
[3.502s] INFO:colcon.colcon_core.shell:Creating prefix util module '/home/tsmusr/ROS2Dev/hexapod_ws/install/_local_setup_util_ps1.py'
[3.503s] INFO:colcon.colcon_core.shell:Creating prefix chain script '/home/tsmusr/ROS2Dev/hexapod_ws/install/setup.ps1'
[3.518s] INFO:colcon.colcon_core.shell:Creating prefix script '/home/tsmusr/ROS2Dev/hexapod_ws/install/local_setup.sh'
[3.519s] INFO:colcon.colcon_core.shell:Creating prefix util module '/home/tsmusr/ROS2Dev/hexapod_ws/install/_local_setup_util_sh.py'
[3.519s] INFO:colcon.colcon_core.shell:Creating prefix chain script '/home/tsmusr/ROS2Dev/hexapod_ws/install/setup.sh'
[3.534s] INFO:colcon.colcon_core.shell:Creating prefix script '/home/tsmusr/ROS2Dev/hexapod_ws/install/local_setup.bash'
[3.535s] INFO:colcon.colcon_core.shell:Creating prefix chain script '/home/tsmusr/ROS2Dev/hexapod_ws/install/setup.bash'
[3.555s] INFO:colcon.colcon_core.shell:Creating prefix script '/home/tsmusr/ROS2Dev/hexapod_ws/install/local_setup.zsh'
[3.555s] INFO:colcon.colcon_core.shell:Creating prefix chain script '/home/tsmusr/ROS2Dev/hexapod_ws/install/setup.zsh'
