[0.093s] Invoking command in '/home/tsmusr/ROS2Dev/hexapod_ws/build/hexapodLegC_description': CMAKE_PREFIX_PATH=${CMAKE_PREFIX_PATH}:/home/tsmusr/ROS2Dev/turtlebot3_ws/install/turtlebot3_teleop:/home/tsmusr/ROS2Dev/turtlebot3_ws/install/turtlebot3_example:/opt/ros/humble /usr/bin/cmake /home/tsmusr/ROS2Dev/hexapod_ws/src/hexapodLegC_description -DCMAKE_INSTALL_PREFIX=/home/tsmusr/ROS2Dev/hexapod_ws/install/hexapodLegC_description
[0.247s] -- The C compiler identification is GNU 11.4.0
[0.349s] -- The CXX compiler identification is GNU 11.4.0
[0.367s] -- Detecting C compiler ABI info
[0.486s] -- Detecting C compiler ABI info - done
[0.502s] -- Check for working C compiler: /usr/bin/cc - skipped
[0.503s] -- Detecting C compile features
[0.506s] -- Detecting C compile features - done
[0.518s] -- Detecting CXX compiler ABI info
[0.605s] -- Detecting CXX compiler ABI info - done
[0.611s] -- Check for working CXX compiler: /usr/bin/c++ - skipped
[0.612s] -- Detecting CXX compile features
[0.612s] -- Detecting CXX compile features - done
[0.636s] -- Found ament_cmake: 1.3.8 (/opt/ros/humble/share/ament_cmake/cmake)
[1.106s] -- Found Python3: /home/tsmusr/.pyenv/shims/python3 (found version "3.10.12") found components: Interpreter 
[1.298s] -- Found urdf: 2.6.0 (/opt/ros/humble/share/urdf/cmake)
[1.388s] -- Found xacro: 2.0.8 (/opt/ros/humble/share/xacro/cmake)
[1.393s] -- Found ament_lint_auto: 0.12.10 (/opt/ros/humble/share/ament_lint_auto/cmake)
[1.470s] WARNING: Package name "hexapodLegC_description" does not follow the naming conventions. It should start with a lower case letter and only contain lower case letters, digits, underscores, and dashes.
[1.510s] -- Added test 'flake8' to check Python code syntax and style conventions
[1.512s] -- Added test 'lint_cmake' to check CMake code style
[1.513s] -- Added test 'pep257' to check Python code against some of the docstring style conventions in PEP 257
[1.516s] -- Added test 'xmllint' to check XML markup files
[1.519s] -- Configuring done
[1.522s] -- Generating done
[1.524s] -- Build files have been written to: /home/tsmusr/ROS2Dev/hexapod_ws/build/hexapodLegC_description
[1.532s] Invoked command in '/home/tsmusr/ROS2Dev/hexapod_ws/build/hexapodLegC_description' returned '0': CMAKE_PREFIX_PATH=${CMAKE_PREFIX_PATH}:/home/tsmusr/ROS2Dev/turtlebot3_ws/install/turtlebot3_teleop:/home/tsmusr/ROS2Dev/turtlebot3_ws/install/turtlebot3_example:/opt/ros/humble /usr/bin/cmake /home/tsmusr/ROS2Dev/hexapod_ws/src/hexapodLegC_description -DCMAKE_INSTALL_PREFIX=/home/tsmusr/ROS2Dev/hexapod_ws/install/hexapodLegC_description
[1.532s] Invoking command in '/home/tsmusr/ROS2Dev/hexapod_ws/build/hexapodLegC_description': CMAKE_PREFIX_PATH=${CMAKE_PREFIX_PATH}:/home/tsmusr/ROS2Dev/turtlebot3_ws/install/turtlebot3_teleop:/home/tsmusr/ROS2Dev/turtlebot3_ws/install/turtlebot3_example:/opt/ros/humble /usr/bin/cmake --build /home/tsmusr/ROS2Dev/hexapod_ws/build/hexapodLegC_description -- -j2 -l2
[1.576s] Invoked command in '/home/tsmusr/ROS2Dev/hexapod_ws/build/hexapodLegC_description' returned '0': CMAKE_PREFIX_PATH=${CMAKE_PREFIX_PATH}:/home/tsmusr/ROS2Dev/turtlebot3_ws/install/turtlebot3_teleop:/home/tsmusr/ROS2Dev/turtlebot3_ws/install/turtlebot3_example:/opt/ros/humble /usr/bin/cmake --build /home/tsmusr/ROS2Dev/hexapod_ws/build/hexapodLegC_description -- -j2 -l2
[1.605s] Invoking command in '/home/tsmusr/ROS2Dev/hexapod_ws/build/hexapodLegC_description': CMAKE_PREFIX_PATH=${CMAKE_PREFIX_PATH}:/home/tsmusr/ROS2Dev/turtlebot3_ws/install/turtlebot3_teleop:/home/tsmusr/ROS2Dev/turtlebot3_ws/install/turtlebot3_example:/opt/ros/humble /usr/bin/cmake --install /home/tsmusr/ROS2Dev/hexapod_ws/build/hexapodLegC_description
[1.612s] -- Install configuration: ""
[1.612s] -- Installing: /home/tsmusr/ROS2Dev/hexapod_ws/install/hexapodLegC_description/share/hexapodLegC_description//rviz
[1.614s] -- Installing: /home/tsmusr/ROS2Dev/hexapod_ws/install/hexapodLegC_description/share/hexapodLegC_description//rviz/legC.rviz
[1.615s] -- Installing: /home/tsmusr/ROS2Dev/hexapod_ws/install/hexapodLegC_description/share/hexapodLegC_description//launch
[1.615s] -- Installing: /home/tsmusr/ROS2Dev/hexapod_ws/install/hexapodLegC_description/share/hexapodLegC_description//launch/start_rviz.launch.py
[1.616s] -- Installing: /home/tsmusr/ROS2Dev/hexapod_ws/install/hexapodLegC_description/share/hexapodLegC_description//launch/legC.launch.py
[1.617s] -- Installing: /home/tsmusr/ROS2Dev/hexapod_ws/install/hexapodLegC_description/share/hexapodLegC_description//legC
[1.618s] -- Installing: /home/tsmusr/ROS2Dev/hexapod_ws/install/hexapodLegC_description/share/hexapodLegC_description//legC/rudderdisk_v2.part
[1.619s] -- Installing: /home/tsmusr/ROS2Dev/hexapod_ws/install/hexapodLegC_description/share/hexapodLegC_description//legC/rudderdisk_v2.stl
[1.621s] -- Installing: /home/tsmusr/ROS2Dev/hexapod_ws/install/hexapodLegC_description/share/hexapodLegC_description//legC/config.json
[1.622s] -- Installing: /home/tsmusr/ROS2Dev/hexapod_ws/install/hexapodLegC_description/share/hexapodLegC_description//legC/yb-sd15m-top-cover-ld_v3.part
[1.623s] -- Installing: /home/tsmusr/ROS2Dev/hexapod_ws/install/hexapodLegC_description/share/hexapodLegC_description//legC/robot.urdf
[1.623s] -- Installing: /home/tsmusr/ROS2Dev/hexapod_ws/install/hexapodLegC_description/share/hexapodLegC_description//legC/yb-sd15m-top-cover-ld_v3.stl
[1.625s] -- Installing: /home/tsmusr/ROS2Dev/hexapod_ws/install/hexapodLegC_description/share/hexapodLegC_description//legC/yb-sd15m-middle-cover-ld_v2.part
[1.629s] -- Installing: /home/tsmusr/ROS2Dev/hexapod_ws/install/hexapodLegC_description/share/hexapodLegC_description//legC/yb-sd15m-bottom-cover-ld_v2.stl
[1.629s] -- Installing: /home/tsmusr/ROS2Dev/hexapod_ws/install/hexapodLegC_description/share/hexapodLegC_description//legC/auxrudderdisk_v2.part
[1.629s] -- Installing: /home/tsmusr/ROS2Dev/hexapod_ws/install/hexapodLegC_description/share/hexapodLegC_description//legC/yb-sd15m-bottom-cover-ld_v2.part
[1.629s] -- Installing: /home/tsmusr/ROS2Dev/hexapod_ws/install/hexapodLegC_description/share/hexapodLegC_description//legC/tibia.part
[1.629s] -- Installing: /home/tsmusr/ROS2Dev/hexapod_ws/install/hexapodLegC_description/share/hexapodLegC_description//legC/tibia.stl
[1.629s] -- Installing: /home/tsmusr/ROS2Dev/hexapod_ws/install/hexapodLegC_description/share/hexapodLegC_description//legC/yb-sd15m-middle-cover-ld_v2.stl
[1.629s] -- Installing: /home/tsmusr/ROS2Dev/hexapod_ws/install/hexapodLegC_description/share/hexapodLegC_description//legC/auxrudderdisk_v2.stl
[1.629s] -- Installing: /home/tsmusr/ROS2Dev/hexapod_ws/install/hexapodLegC_description/share/hexapodLegC_description//legC/femuraux.part
[1.629s] -- Installing: /home/tsmusr/ROS2Dev/hexapod_ws/install/hexapodLegC_description/share/hexapodLegC_description//legC/femuraux.stl
[1.629s] -- Installing: /home/tsmusr/ROS2Dev/hexapod_ws/install/hexapodLegC_description/share/ament_index/resource_index/package_run_dependencies/hexapodLegC_description
[1.629s] -- Installing: /home/tsmusr/ROS2Dev/hexapod_ws/install/hexapodLegC_description/share/ament_index/resource_index/parent_prefix_path/hexapodLegC_description
[1.629s] -- Installing: /home/tsmusr/ROS2Dev/hexapod_ws/install/hexapodLegC_description/share/hexapodLegC_description/environment/ament_prefix_path.sh
[1.629s] -- Installing: /home/tsmusr/ROS2Dev/hexapod_ws/install/hexapodLegC_description/share/hexapodLegC_description/environment/ament_prefix_path.dsv
[1.630s] -- Installing: /home/tsmusr/ROS2Dev/hexapod_ws/install/hexapodLegC_description/share/hexapodLegC_description/environment/path.sh
[1.630s] -- Installing: /home/tsmusr/ROS2Dev/hexapod_ws/install/hexapodLegC_description/share/hexapodLegC_description/environment/path.dsv
[1.630s] -- Installing: /home/tsmusr/ROS2Dev/hexapod_ws/install/hexapodLegC_description/share/hexapodLegC_description/local_setup.bash
[1.630s] -- Installing: /home/tsmusr/ROS2Dev/hexapod_ws/install/hexapodLegC_description/share/hexapodLegC_description/local_setup.sh
[1.630s] -- Installing: /home/tsmusr/ROS2Dev/hexapod_ws/install/hexapodLegC_description/share/hexapodLegC_description/local_setup.zsh
[1.630s] -- Installing: /home/tsmusr/ROS2Dev/hexapod_ws/install/hexapodLegC_description/share/hexapodLegC_description/local_setup.dsv
[1.631s] -- Installing: /home/tsmusr/ROS2Dev/hexapod_ws/install/hexapodLegC_description/share/hexapodLegC_description/package.dsv
[1.631s] -- Installing: /home/tsmusr/ROS2Dev/hexapod_ws/install/hexapodLegC_description/share/ament_index/resource_index/packages/hexapodLegC_description
[1.631s] -- Installing: /home/tsmusr/ROS2Dev/hexapod_ws/install/hexapodLegC_description/share/hexapodLegC_description/cmake/hexapodLegC_descriptionConfig.cmake
[1.632s] -- Installing: /home/tsmusr/ROS2Dev/hexapod_ws/install/hexapodLegC_description/share/hexapodLegC_description/cmake/hexapodLegC_descriptionConfig-version.cmake
[1.632s] -- Installing: /home/tsmusr/ROS2Dev/hexapod_ws/install/hexapodLegC_description/share/hexapodLegC_description/package.xml
[1.645s] Invoked command in '/home/tsmusr/ROS2Dev/hexapod_ws/build/hexapodLegC_description' returned '0': CMAKE_PREFIX_PATH=${CMAKE_PREFIX_PATH}:/home/tsmusr/ROS2Dev/turtlebot3_ws/install/turtlebot3_teleop:/home/tsmusr/ROS2Dev/turtlebot3_ws/install/turtlebot3_example:/opt/ros/humble /usr/bin/cmake --install /home/tsmusr/ROS2Dev/hexapod_ws/build/hexapodLegC_description
