[1.084s] DEBUG:colcon:Command line arguments: ['/usr/bin/colcon', 'build', '--packages-select', 'hexapodLegC_description']
[1.085s] DEBUG:colcon:Parsed command line arguments: Namespace(log_base=None, log_level=None, verb_name='build', build_base='build', install_base='install', merge_install=False, symlink_install=False, test_result_base=None, continue_on_error=False, executor='parallel', parallel_workers=2, event_handlers=None, ignore_user_meta=False, metas=['./colcon.meta'], base_paths=['.'], packages_ignore=None, packages_ignore_regex=None, paths=None, packages_up_to=None, packages_up_to_regex=None, packages_above=None, packages_above_and_dependencies=None, packages_above_depth=None, packages_select_by_dep=None, packages_skip_by_dep=None, packages_skip_up_to=None, packages_select_build_failed=False, packages_skip_build_finished=False, packages_select_test_failures=False, packages_skip_test_passed=False, packages_select=['hexapodLegC_description'], packages_skip=None, packages_select_regex=None, packages_skip_regex=None, packages_start=None, packages_end=None, allow_overriding=[], cmake_args=None, cmake_target=None, cmake_target_skip_unavailable=False, cmake_clean_cache=False, cmake_clean_first=False, cmake_force_configure=False, ament_cmake_args=None, catkin_cmake_args=None, catkin_skip_building_tests=False, mixin_files=None, mixin=None, verb_parser=<colcon_mixin.mixin.mixin_argument.MixinArgumentDecorator object at 0x7faf4d02b220>, verb_extension=<colcon_core.verb.build.BuildVerb object at 0x7faf4d02aaa0>, main=<bound method BuildVerb.main of <colcon_core.verb.build.BuildVerb object at 0x7faf4d02aaa0>>, mixin_verb=('build',))
[1.144s] Level 1:colcon.colcon_core.package_discovery:discover_packages(colcon_meta) check parameters
[1.144s] Level 1:colcon.colcon_core.package_discovery:discover_packages(recursive) check parameters
[1.144s] Level 1:colcon.colcon_core.package_discovery:discover_packages(ignore) check parameters
[1.145s] Level 1:colcon.colcon_core.package_discovery:discover_packages(path) check parameters
[1.145s] Level 1:colcon.colcon_core.package_discovery:discover_packages(colcon_meta) discover
[1.145s] Level 1:colcon.colcon_core.package_discovery:discover_packages(recursive) discover
[1.145s] INFO:colcon.colcon_core.package_discovery:Crawling recursively for packages in '/home/tsmusr/ROS2Dev/hexapod_ws'
[1.145s] Level 1:colcon.colcon_core.package_identification:_identify(.) by extensions ['ignore', 'ignore_ament_install']
[1.145s] Level 1:colcon.colcon_core.package_identification:_identify(.) by extension 'ignore'
[1.145s] Level 1:colcon.colcon_core.package_identification:_identify(.) by extension 'ignore_ament_install'
[1.145s] Level 1:colcon.colcon_core.package_identification:_identify(.) by extensions ['colcon_pkg']
[1.145s] Level 1:colcon.colcon_core.package_identification:_identify(.) by extension 'colcon_pkg'
[1.145s] Level 1:colcon.colcon_core.package_identification:_identify(.) by extensions ['colcon_meta']
[1.145s] Level 1:colcon.colcon_core.package_identification:_identify(.) by extension 'colcon_meta'
[1.145s] Level 1:colcon.colcon_core.package_identification:_identify(.) by extensions ['ros']
[1.145s] Level 1:colcon.colcon_core.package_identification:_identify(.) by extension 'ros'
[1.162s] Level 1:colcon.colcon_core.package_identification:_identify(.) by extensions ['cmake', 'python']
[1.162s] Level 1:colcon.colcon_core.package_identification:_identify(.) by extension 'cmake'
[1.162s] Level 1:colcon.colcon_core.package_identification:_identify(.) by extension 'python'
[1.162s] Level 1:colcon.colcon_core.package_identification:_identify(.) by extensions ['python_setup_py']
[1.162s] Level 1:colcon.colcon_core.package_identification:_identify(.) by extension 'python_setup_py'
[1.162s] Level 1:colcon.colcon_core.package_identification:_identify(build) by extensions ['ignore', 'ignore_ament_install']
[1.162s] Level 1:colcon.colcon_core.package_identification:_identify(build) by extension 'ignore'
[1.162s] Level 1:colcon.colcon_core.package_identification:_identify(build) ignored
[1.162s] Level 1:colcon.colcon_core.package_identification:_identify(install) by extensions ['ignore', 'ignore_ament_install']
[1.163s] Level 1:colcon.colcon_core.package_identification:_identify(install) by extension 'ignore'
[1.163s] Level 1:colcon.colcon_core.package_identification:_identify(install) ignored
[1.163s] Level 1:colcon.colcon_core.package_identification:_identify(log) by extensions ['ignore', 'ignore_ament_install']
[1.163s] Level 1:colcon.colcon_core.package_identification:_identify(log) by extension 'ignore'
[1.163s] Level 1:colcon.colcon_core.package_identification:_identify(log) ignored
[1.163s] Level 1:colcon.colcon_core.package_identification:_identify(src) by extensions ['ignore', 'ignore_ament_install']
[1.163s] Level 1:colcon.colcon_core.package_identification:_identify(src) by extension 'ignore'
[1.163s] Level 1:colcon.colcon_core.package_identification:_identify(src) by extension 'ignore_ament_install'
[1.163s] Level 1:colcon.colcon_core.package_identification:_identify(src) by extensions ['colcon_pkg']
[1.163s] Level 1:colcon.colcon_core.package_identification:_identify(src) by extension 'colcon_pkg'
[1.163s] Level 1:colcon.colcon_core.package_identification:_identify(src) by extensions ['colcon_meta']
[1.163s] Level 1:colcon.colcon_core.package_identification:_identify(src) by extension 'colcon_meta'
[1.163s] Level 1:colcon.colcon_core.package_identification:_identify(src) by extensions ['ros']
[1.163s] Level 1:colcon.colcon_core.package_identification:_identify(src) by extension 'ros'
[1.163s] Level 1:colcon.colcon_core.package_identification:_identify(src) by extensions ['cmake', 'python']
[1.163s] Level 1:colcon.colcon_core.package_identification:_identify(src) by extension 'cmake'
[1.164s] Level 1:colcon.colcon_core.package_identification:_identify(src) by extension 'python'
[1.164s] Level 1:colcon.colcon_core.package_identification:_identify(src) by extensions ['python_setup_py']
[1.164s] Level 1:colcon.colcon_core.package_identification:_identify(src) by extension 'python_setup_py'
[1.164s] Level 1:colcon.colcon_core.package_identification:_identify(src/hexapodLegC_description) by extensions ['ignore', 'ignore_ament_install']
[1.164s] Level 1:colcon.colcon_core.package_identification:_identify(src/hexapodLegC_description) by extension 'ignore'
[1.164s] Level 1:colcon.colcon_core.package_identification:_identify(src/hexapodLegC_description) by extension 'ignore_ament_install'
[1.164s] Level 1:colcon.colcon_core.package_identification:_identify(src/hexapodLegC_description) by extensions ['colcon_pkg']
[1.164s] Level 1:colcon.colcon_core.package_identification:_identify(src/hexapodLegC_description) by extension 'colcon_pkg'
[1.164s] Level 1:colcon.colcon_core.package_identification:_identify(src/hexapodLegC_description) by extensions ['colcon_meta']
[1.164s] Level 1:colcon.colcon_core.package_identification:_identify(src/hexapodLegC_description) by extension 'colcon_meta'
[1.164s] Level 1:colcon.colcon_core.package_identification:_identify(src/hexapodLegC_description) by extensions ['ros']
[1.164s] Level 1:colcon.colcon_core.package_identification:_identify(src/hexapodLegC_description) by extension 'ros'
[1.167s] DEBUG:colcon.colcon_core.package_identification:Package 'src/hexapodLegC_description' with type 'ros.ament_cmake' and name 'hexapodLegC_description'
[1.167s] Level 1:colcon.colcon_core.package_discovery:discover_packages(recursive) using defaults
[1.167s] Level 1:colcon.colcon_core.package_discovery:discover_packages(ignore) discover
[1.167s] Level 1:colcon.colcon_core.package_discovery:discover_packages(ignore) using defaults
[1.167s] Level 1:colcon.colcon_core.package_discovery:discover_packages(path) discover
[1.167s] Level 1:colcon.colcon_core.package_discovery:discover_packages(path) using defaults
[1.245s] Level 1:colcon.colcon_core.package_discovery:discover_packages(prefix_path) check parameters
[1.245s] Level 1:colcon.colcon_core.package_discovery:discover_packages(prefix_path) discover
[1.269s] DEBUG:colcon.colcon_installed_package_information.package_discovery:Found 1 installed packages in /home/tsmusr/ROS2Dev/hexapod_ws/install
[1.279s] DEBUG:colcon.colcon_installed_package_information.package_discovery:Found 0 installed packages in /home/tsmusr/ws_moveit2/install
[1.290s] DEBUG:colcon.colcon_installed_package_information.package_discovery:Found 15 installed packages in /home/tsmusr/ROS2Dev/turtlebot3_ws/install
[1.300s] DEBUG:colcon.colcon_installed_package_information.package_discovery:Found 2 installed packages in /home/tsmusr/ROS2Dev/my_robot_ws/install
[1.316s] DEBUG:colcon.colcon_installed_package_information.package_discovery:Found 395 installed packages in /opt/ros/humble
[1.322s] Level 1:colcon.colcon_core.package_discovery:discover_packages(prefix_path) using defaults
[1.413s] Level 5:colcon.colcon_core.verb:set package 'hexapodLegC_description' build argument 'cmake_args' from command line to 'None'
[1.413s] Level 5:colcon.colcon_core.verb:set package 'hexapodLegC_description' build argument 'cmake_target' from command line to 'None'
[1.413s] Level 5:colcon.colcon_core.verb:set package 'hexapodLegC_description' build argument 'cmake_target_skip_unavailable' from command line to 'False'
[1.413s] Level 5:colcon.colcon_core.verb:set package 'hexapodLegC_description' build argument 'cmake_clean_cache' from command line to 'False'
[1.413s] Level 5:colcon.colcon_core.verb:set package 'hexapodLegC_description' build argument 'cmake_clean_first' from command line to 'False'
[1.413s] Level 5:colcon.colcon_core.verb:set package 'hexapodLegC_description' build argument 'cmake_force_configure' from command line to 'False'
[1.413s] Level 5:colcon.colcon_core.verb:set package 'hexapodLegC_description' build argument 'ament_cmake_args' from command line to 'None'
[1.413s] Level 5:colcon.colcon_core.verb:set package 'hexapodLegC_description' build argument 'catkin_cmake_args' from command line to 'None'
[1.414s] Level 5:colcon.colcon_core.verb:set package 'hexapodLegC_description' build argument 'catkin_skip_building_tests' from command line to 'False'
[1.414s] DEBUG:colcon.colcon_core.verb:Building package 'hexapodLegC_description' with the following arguments: {'ament_cmake_args': None, 'build_base': '/home/tsmusr/ROS2Dev/hexapod_ws/build/hexapodLegC_description', 'catkin_cmake_args': None, 'catkin_skip_building_tests': False, 'cmake_args': None, 'cmake_clean_cache': False, 'cmake_clean_first': False, 'cmake_force_configure': False, 'cmake_target': None, 'cmake_target_skip_unavailable': False, 'install_base': '/home/tsmusr/ROS2Dev/hexapod_ws/install/hexapodLegC_description', 'merge_install': False, 'path': '/home/tsmusr/ROS2Dev/hexapod_ws/src/hexapodLegC_description', 'symlink_install': False, 'test_result_base': None}
[1.428s] INFO:colcon.colcon_core.executor:Executing jobs using 'parallel' executor
[1.441s] DEBUG:colcon.colcon_parallel_executor.executor.parallel:run_until_complete
[1.441s] INFO:colcon.colcon_ros.task.ament_cmake.build:Building ROS package in '/home/tsmusr/ROS2Dev/hexapod_ws/src/hexapodLegC_description' with build type 'ament_cmake'
[1.441s] INFO:colcon.colcon_cmake.task.cmake.build:Building CMake package in '/home/tsmusr/ROS2Dev/hexapod_ws/src/hexapodLegC_description'
[1.455s] INFO:colcon.colcon_core.plugin_system:Skipping extension 'colcon_core.shell.bat': Not used on non-Windows systems
[1.455s] INFO:colcon.colcon_core.shell:Skip shell extension 'powershell' for command environment: Not usable outside of PowerShell
[1.455s] DEBUG:colcon.colcon_core.shell:Skip shell extension 'dsv' for command environment
[1.555s] DEBUG:colcon.colcon_core.event_handler.log_command:Invoking command in '/home/tsmusr/ROS2Dev/hexapod_ws/build/hexapodLegC_description': CMAKE_PREFIX_PATH=${CMAKE_PREFIX_PATH}:/home/tsmusr/ROS2Dev/turtlebot3_ws/install/turtlebot3_teleop:/home/tsmusr/ROS2Dev/turtlebot3_ws/install/turtlebot3_example:/opt/ros/humble /usr/bin/cmake --build /home/tsmusr/ROS2Dev/hexapod_ws/build/hexapodLegC_description -- -j2 -l2
[1.600s] DEBUG:colcon.colcon_core.event_handler.log_command:Invoked command in '/home/tsmusr/ROS2Dev/hexapod_ws/build/hexapodLegC_description' returned '0': CMAKE_PREFIX_PATH=${CMAKE_PREFIX_PATH}:/home/tsmusr/ROS2Dev/turtlebot3_ws/install/turtlebot3_teleop:/home/tsmusr/ROS2Dev/turtlebot3_ws/install/turtlebot3_example:/opt/ros/humble /usr/bin/cmake --build /home/tsmusr/ROS2Dev/hexapod_ws/build/hexapodLegC_description -- -j2 -l2
[1.638s] DEBUG:colcon.colcon_core.event_handler.log_command:Invoking command in '/home/tsmusr/ROS2Dev/hexapod_ws/build/hexapodLegC_description': CMAKE_PREFIX_PATH=${CMAKE_PREFIX_PATH}:/home/tsmusr/ROS2Dev/turtlebot3_ws/install/turtlebot3_teleop:/home/tsmusr/ROS2Dev/turtlebot3_ws/install/turtlebot3_example:/opt/ros/humble /usr/bin/cmake --install /home/tsmusr/ROS2Dev/hexapod_ws/build/hexapodLegC_description
[1.651s] Level 1:colcon.colcon_core.environment:create_environment_scripts_only(hexapodLegC_description)
[1.657s] DEBUG:colcon.colcon_core.event_handler.log_command:Invoked command in '/home/tsmusr/ROS2Dev/hexapod_ws/build/hexapodLegC_description' returned '0': CMAKE_PREFIX_PATH=${CMAKE_PREFIX_PATH}:/home/tsmusr/ROS2Dev/turtlebot3_ws/install/turtlebot3_teleop:/home/tsmusr/ROS2Dev/turtlebot3_ws/install/turtlebot3_example:/opt/ros/humble /usr/bin/cmake --install /home/tsmusr/ROS2Dev/hexapod_ws/build/hexapodLegC_description
[1.675s] Level 1:colcon.colcon_core.environment:checking '/home/tsmusr/ROS2Dev/hexapod_ws/install/hexapodLegC_description' for CMake module files
[1.676s] Level 1:colcon.colcon_core.environment:checking '/home/tsmusr/ROS2Dev/hexapod_ws/install/hexapodLegC_description' for CMake config files
[1.676s] Level 1:colcon.colcon_core.shell:create_environment_hook('hexapodLegC_description', 'cmake_prefix_path')
[1.695s] INFO:colcon.colcon_core.shell:Creating environment hook '/home/tsmusr/ROS2Dev/hexapod_ws/install/hexapodLegC_description/share/hexapodLegC_description/hook/cmake_prefix_path.ps1'
[1.696s] INFO:colcon.colcon_core.shell:Creating environment descriptor '/home/tsmusr/ROS2Dev/hexapod_ws/install/hexapodLegC_description/share/hexapodLegC_description/hook/cmake_prefix_path.dsv'
[1.697s] INFO:colcon.colcon_core.shell:Creating environment hook '/home/tsmusr/ROS2Dev/hexapod_ws/install/hexapodLegC_description/share/hexapodLegC_description/hook/cmake_prefix_path.sh'
[1.698s] Level 1:colcon.colcon_core.environment:checking '/home/tsmusr/ROS2Dev/hexapod_ws/install/hexapodLegC_description/bin'
[1.698s] Level 1:colcon.colcon_core.environment:checking '/home/tsmusr/ROS2Dev/hexapod_ws/install/hexapodLegC_description/lib/pkgconfig/hexapodLegC_description.pc'
[1.698s] Level 1:colcon.colcon_core.environment:checking '/home/tsmusr/ROS2Dev/hexapod_ws/install/hexapodLegC_description/lib/python3.10/site-packages'
[1.698s] Level 1:colcon.colcon_core.environment:checking '/home/tsmusr/ROS2Dev/hexapod_ws/install/hexapodLegC_description/bin'
[1.716s] INFO:colcon.colcon_core.shell:Creating package script '/home/tsmusr/ROS2Dev/hexapod_ws/install/hexapodLegC_description/share/hexapodLegC_description/package.ps1'
[1.717s] INFO:colcon.colcon_core.shell:Creating package descriptor '/home/tsmusr/ROS2Dev/hexapod_ws/install/hexapodLegC_description/share/hexapodLegC_description/package.dsv'
[1.718s] INFO:colcon.colcon_core.shell:Creating package script '/home/tsmusr/ROS2Dev/hexapod_ws/install/hexapodLegC_description/share/hexapodLegC_description/package.sh'
[1.718s] INFO:colcon.colcon_core.shell:Creating package script '/home/tsmusr/ROS2Dev/hexapod_ws/install/hexapodLegC_description/share/hexapodLegC_description/package.bash'
[1.719s] INFO:colcon.colcon_core.shell:Creating package script '/home/tsmusr/ROS2Dev/hexapod_ws/install/hexapodLegC_description/share/hexapodLegC_description/package.zsh'
[1.720s] Level 1:colcon.colcon_core.environment:create_file_with_runtime_dependencies(/home/tsmusr/ROS2Dev/hexapod_ws/install/hexapodLegC_description/share/colcon-core/packages/hexapodLegC_description)
[1.779s] Level 1:colcon.colcon_core.environment:create_environment_scripts_only(hexapodLegC_description)
[1.805s] Level 1:colcon.colcon_core.environment:checking '/home/tsmusr/ROS2Dev/hexapod_ws/install/hexapodLegC_description' for CMake module files
[1.806s] Level 1:colcon.colcon_core.environment:checking '/home/tsmusr/ROS2Dev/hexapod_ws/install/hexapodLegC_description' for CMake config files
[1.806s] Level 1:colcon.colcon_core.shell:create_environment_hook('hexapodLegC_description', 'cmake_prefix_path')
[1.828s] INFO:colcon.colcon_core.shell:Creating environment hook '/home/tsmusr/ROS2Dev/hexapod_ws/install/hexapodLegC_description/share/hexapodLegC_description/hook/cmake_prefix_path.ps1'
[1.829s] INFO:colcon.colcon_core.shell:Creating environment descriptor '/home/tsmusr/ROS2Dev/hexapod_ws/install/hexapodLegC_description/share/hexapodLegC_description/hook/cmake_prefix_path.dsv'
[1.830s] INFO:colcon.colcon_core.shell:Creating environment hook '/home/tsmusr/ROS2Dev/hexapod_ws/install/hexapodLegC_description/share/hexapodLegC_description/hook/cmake_prefix_path.sh'
[1.830s] Level 1:colcon.colcon_core.environment:checking '/home/tsmusr/ROS2Dev/hexapod_ws/install/hexapodLegC_description/bin'
[1.830s] Level 1:colcon.colcon_core.environment:checking '/home/tsmusr/ROS2Dev/hexapod_ws/install/hexapodLegC_description/lib/pkgconfig/hexapodLegC_description.pc'
[1.831s] Level 1:colcon.colcon_core.environment:checking '/home/tsmusr/ROS2Dev/hexapod_ws/install/hexapodLegC_description/lib/python3.10/site-packages'
[1.831s] Level 1:colcon.colcon_core.environment:checking '/home/tsmusr/ROS2Dev/hexapod_ws/install/hexapodLegC_description/bin'
[1.851s] INFO:colcon.colcon_core.shell:Creating package script '/home/tsmusr/ROS2Dev/hexapod_ws/install/hexapodLegC_description/share/hexapodLegC_description/package.ps1'
[1.852s] INFO:colcon.colcon_core.shell:Creating package descriptor '/home/tsmusr/ROS2Dev/hexapod_ws/install/hexapodLegC_description/share/hexapodLegC_description/package.dsv'
[1.853s] INFO:colcon.colcon_core.shell:Creating package script '/home/tsmusr/ROS2Dev/hexapod_ws/install/hexapodLegC_description/share/hexapodLegC_description/package.sh'
[1.854s] INFO:colcon.colcon_core.shell:Creating package script '/home/tsmusr/ROS2Dev/hexapod_ws/install/hexapodLegC_description/share/hexapodLegC_description/package.bash'
[1.854s] INFO:colcon.colcon_core.shell:Creating package script '/home/tsmusr/ROS2Dev/hexapod_ws/install/hexapodLegC_description/share/hexapodLegC_description/package.zsh'
[1.855s] Level 1:colcon.colcon_core.environment:create_file_with_runtime_dependencies(/home/tsmusr/ROS2Dev/hexapod_ws/install/hexapodLegC_description/share/colcon-core/packages/hexapodLegC_description)
[1.856s] DEBUG:colcon.colcon_parallel_executor.executor.parallel:closing loop
[1.856s] DEBUG:colcon.colcon_parallel_executor.executor.parallel:loop closed
[1.857s] DEBUG:colcon.colcon_parallel_executor.executor.parallel:run_until_complete finished with '0'
[1.857s] DEBUG:colcon.colcon_core.event_reactor:joining thread
[1.876s] INFO:colcon.colcon_core.plugin_system:Skipping extension 'colcon_notification.desktop_notification.terminal_notifier': Not used on non-Darwin systems
[1.876s] INFO:colcon.colcon_core.plugin_system:Skipping extension 'colcon_notification.desktop_notification.win32': Not used on non-Windows systems
[1.876s] INFO:colcon.colcon_notification.desktop_notification:Sending desktop notification using 'notify2'
[1.898s] DEBUG:colcon.colcon_core.event_reactor:joined thread
[1.915s] INFO:colcon.colcon_core.shell:Creating prefix script '/home/tsmusr/ROS2Dev/hexapod_ws/install/local_setup.ps1'
[1.916s] INFO:colcon.colcon_core.shell:Creating prefix util module '/home/tsmusr/ROS2Dev/hexapod_ws/install/_local_setup_util_ps1.py'
[1.917s] INFO:colcon.colcon_core.shell:Creating prefix chain script '/home/tsmusr/ROS2Dev/hexapod_ws/install/setup.ps1'
[1.945s] INFO:colcon.colcon_core.shell:Creating prefix script '/home/tsmusr/ROS2Dev/hexapod_ws/install/local_setup.sh'
[1.946s] INFO:colcon.colcon_core.shell:Creating prefix util module '/home/tsmusr/ROS2Dev/hexapod_ws/install/_local_setup_util_sh.py'
[1.946s] INFO:colcon.colcon_core.shell:Creating prefix chain script '/home/tsmusr/ROS2Dev/hexapod_ws/install/setup.sh'
[1.966s] INFO:colcon.colcon_core.shell:Creating prefix script '/home/tsmusr/ROS2Dev/hexapod_ws/install/local_setup.bash'
[1.967s] INFO:colcon.colcon_core.shell:Creating prefix chain script '/home/tsmusr/ROS2Dev/hexapod_ws/install/setup.bash'
[2.000s] INFO:colcon.colcon_core.shell:Creating prefix script '/home/tsmusr/ROS2Dev/hexapod_ws/install/local_setup.zsh'
[2.000s] INFO:colcon.colcon_core.shell:Creating prefix chain script '/home/tsmusr/ROS2Dev/hexapod_ws/install/setup.zsh'
