[0.904s] Invoking command in '/home/tsmusr/ROS2Dev/hexapod_ws/build/hexapod_description': CMAKE_PREFIX_PATH=${CMAKE_PREFIX_PATH}:/home/tsmusr/ROS2Dev/turtlebot3_ws/install/turtlebot3_teleop:/home/tsmusr/ROS2Dev/turtlebot3_ws/install/turtlebot3_example:/opt/ros/humble /usr/bin/cmake /home/tsmusr/ROS2Dev/hexapod_ws/src/hexapod_description -DCMAKE_INSTALL_PREFIX=/home/tsmusr/ROS2Dev/hexapod_ws/install/hexapod_description
[2.071s] -- The C compiler identification is GNU 11.4.0
[2.752s] -- The CXX compiler identification is GNU 11.4.0
[2.819s] -- Detecting C compiler ABI info
[3.535s] -- Detecting C compiler ABI info - done
[3.621s] -- Check for working C compiler: /usr/bin/cc - skipped
[3.634s] -- Detecting C compile features
[3.638s] -- Detecting C compile features - done
[3.694s] -- Detecting CXX compiler ABI info
[4.345s] -- Detecting CXX compiler ABI info - done
[4.428s] -- Check for working CXX compiler: /usr/bin/c++ - skipped
[4.434s] -- Detecting CXX compile features
[4.441s] -- Detecting CXX compile features - done
[4.499s] -- Found ament_cmake: 1.3.8 (/opt/ros/humble/share/ament_cmake/cmake)
[6.799s] -- Found Python3: /home/tsmusr/.pyenv/shims/python3 (found version "3.10.12") found components: Interpreter 
[7.905s] -- Found urdf: 2.6.0 (/opt/ros/humble/share/urdf/cmake)
[8.364s] -- Found xacro: 2.0.8 (/opt/ros/humble/share/xacro/cmake)
[8.390s] -- Found ament_lint_auto: 0.12.10 (/opt/ros/humble/share/ament_lint_auto/cmake)
[9.258s] -- Added test 'flake8' to check Python code syntax and style conventions
[9.270s] -- Added test 'lint_cmake' to check CMake code style
[9.277s] -- Added test 'pep257' to check Python code against some of the docstring style conventions in PEP 257
[9.285s] -- Added test 'xmllint' to check XML markup files
[9.300s] -- Configuring done
[9.336s] -- Generating done
[9.354s] -- Build files have been written to: /home/tsmusr/ROS2Dev/hexapod_ws/build/hexapod_description
[9.404s] Invoked command in '/home/tsmusr/ROS2Dev/hexapod_ws/build/hexapod_description' returned '0': CMAKE_PREFIX_PATH=${CMAKE_PREFIX_PATH}:/home/tsmusr/ROS2Dev/turtlebot3_ws/install/turtlebot3_teleop:/home/tsmusr/ROS2Dev/turtlebot3_ws/install/turtlebot3_example:/opt/ros/humble /usr/bin/cmake /home/tsmusr/ROS2Dev/hexapod_ws/src/hexapod_description -DCMAKE_INSTALL_PREFIX=/home/tsmusr/ROS2Dev/hexapod_ws/install/hexapod_description
[9.408s] Invoking command in '/home/tsmusr/ROS2Dev/hexapod_ws/build/hexapod_description': CMAKE_PREFIX_PATH=${CMAKE_PREFIX_PATH}:/home/tsmusr/ROS2Dev/turtlebot3_ws/install/turtlebot3_teleop:/home/tsmusr/ROS2Dev/turtlebot3_ws/install/turtlebot3_example:/opt/ros/humble /usr/bin/cmake --build /home/tsmusr/ROS2Dev/hexapod_ws/build/hexapod_description -- -j2 -l2
[9.692s] Invoked command in '/home/tsmusr/ROS2Dev/hexapod_ws/build/hexapod_description' returned '0': CMAKE_PREFIX_PATH=${CMAKE_PREFIX_PATH}:/home/tsmusr/ROS2Dev/turtlebot3_ws/install/turtlebot3_teleop:/home/tsmusr/ROS2Dev/turtlebot3_ws/install/turtlebot3_example:/opt/ros/humble /usr/bin/cmake --build /home/tsmusr/ROS2Dev/hexapod_ws/build/hexapod_description -- -j2 -l2
[10.021s] Invoking command in '/home/tsmusr/ROS2Dev/hexapod_ws/build/hexapod_description': CMAKE_PREFIX_PATH=${CMAKE_PREFIX_PATH}:/home/tsmusr/ROS2Dev/turtlebot3_ws/install/turtlebot3_teleop:/home/tsmusr/ROS2Dev/turtlebot3_ws/install/turtlebot3_example:/opt/ros/humble /usr/bin/cmake --install /home/tsmusr/ROS2Dev/hexapod_ws/build/hexapod_description
[10.058s] -- Install configuration: ""
[10.059s] -- Installing: /home/tsmusr/ROS2Dev/hexapod_ws/install/hexapod_description/share/hexapod_description//rviz
[10.063s] -- Installing: /home/tsmusr/ROS2Dev/hexapod_ws/install/hexapod_description/share/hexapod_description//rviz/hexapodv1.rviz
[10.070s] -- Installing: /home/tsmusr/ROS2Dev/hexapod_ws/install/hexapod_description/share/hexapod_description//launch
[10.072s] -- Installing: /home/tsmusr/ROS2Dev/hexapod_ws/install/hexapod_description/share/hexapod_description//launch/hexapodv1.launch.py
[10.072s] -- Installing: /home/tsmusr/ROS2Dev/hexapod_ws/install/hexapod_description/share/hexapod_description//hexapodv1
[10.074s] -- Installing: /home/tsmusr/ROS2Dev/hexapod_ws/install/hexapod_description/share/hexapod_description//hexapodv1/tibiamot.stl
[10.081s] -- Installing: /home/tsmusr/ROS2Dev/hexapod_ws/install/hexapod_description/share/hexapod_description//hexapodv1/rudderdisk_v2.part
[10.081s] -- Installing: /home/tsmusr/ROS2Dev/hexapod_ws/install/hexapod_description/share/hexapod_description//hexapodv1/rudderdisk_v2.stl
[10.082s] -- Installing: /home/tsmusr/ROS2Dev/hexapod_ws/install/hexapod_description/share/hexapod_description//hexapodv1/config.json
[10.084s] -- Installing: /home/tsmusr/ROS2Dev/hexapod_ws/install/hexapod_description/share/hexapod_description//hexapodv1/yb-sd15m-top-cover-ld_v3.part
[10.086s] -- Installing: /home/tsmusr/ROS2Dev/hexapod_ws/install/hexapod_description/share/hexapod_description//hexapodv1/robot.urdf
[10.094s] -- Installing: /home/tsmusr/ROS2Dev/hexapod_ws/install/hexapod_description/share/hexapod_description//hexapodv1/yb-sd15m-top-cover-ld_v3.stl
[10.099s] -- Installing: /home/tsmusr/ROS2Dev/hexapod_ws/install/hexapod_description/share/hexapod_description//hexapodv1/yb-sd15m-middle-cover-ld_v2.part
[10.099s] -- Installing: /home/tsmusr/ROS2Dev/hexapod_ws/install/hexapod_description/share/hexapod_description//hexapodv1/part_1.stl
[10.110s] -- Installing: /home/tsmusr/ROS2Dev/hexapod_ws/install/hexapod_description/share/hexapod_description//hexapodv1/coxa.stl
[10.112s] -- Installing: /home/tsmusr/ROS2Dev/hexapod_ws/install/hexapod_description/share/hexapod_description//hexapodv1/yb-sd15m-bottom-cover-ld_v2.stl
[10.122s] -- Installing: /home/tsmusr/ROS2Dev/hexapod_ws/install/hexapod_description/share/hexapod_description//hexapodv1/part_1.part
[10.123s] -- Installing: /home/tsmusr/ROS2Dev/hexapod_ws/install/hexapod_description/share/hexapod_description//hexapodv1/auxrudderdisk_v2.part
[10.125s] -- Installing: /home/tsmusr/ROS2Dev/hexapod_ws/install/hexapod_description/share/hexapod_description//hexapodv1/coxa.part
[10.125s] -- Installing: /home/tsmusr/ROS2Dev/hexapod_ws/install/hexapod_description/share/hexapod_description//hexapodv1/yb-sd15m-bottom-cover-ld_v2.part
[10.134s] -- Installing: /home/tsmusr/ROS2Dev/hexapod_ws/install/hexapod_description/share/hexapod_description//hexapodv1/tibia.part
[10.138s] -- Installing: /home/tsmusr/ROS2Dev/hexapod_ws/install/hexapod_description/share/hexapod_description//hexapodv1/tibia.stl
[10.139s] -- Installing: /home/tsmusr/ROS2Dev/hexapod_ws/install/hexapod_description/share/hexapod_description//hexapodv1/yb-sd15m-middle-cover-ld_v2.stl
[10.139s] -- Installing: /home/tsmusr/ROS2Dev/hexapod_ws/install/hexapod_description/share/hexapod_description//hexapodv1/auxrudderdisk_v2.stl
[10.139s] -- Installing: /home/tsmusr/ROS2Dev/hexapod_ws/install/hexapod_description/share/hexapod_description//hexapodv1/femuraux.part
[10.142s] -- Installing: /home/tsmusr/ROS2Dev/hexapod_ws/install/hexapod_description/share/hexapod_description//hexapodv1/tibiamot.part
[10.143s] -- Installing: /home/tsmusr/ROS2Dev/hexapod_ws/install/hexapod_description/share/hexapod_description//hexapodv1/femuraux.stl
[10.152s] -- Installing: /home/tsmusr/ROS2Dev/hexapod_ws/install/hexapod_description/share/ament_index/resource_index/package_run_dependencies/hexapod_description
[10.153s] -- Installing: /home/tsmusr/ROS2Dev/hexapod_ws/install/hexapod_description/share/ament_index/resource_index/parent_prefix_path/hexapod_description
[10.158s] -- Installing: /home/tsmusr/ROS2Dev/hexapod_ws/install/hexapod_description/share/hexapod_description/environment/ament_prefix_path.sh
[10.159s] -- Installing: /home/tsmusr/ROS2Dev/hexapod_ws/install/hexapod_description/share/hexapod_description/environment/ament_prefix_path.dsv
[10.159s] -- Installing: /home/tsmusr/ROS2Dev/hexapod_ws/install/hexapod_description/share/hexapod_description/environment/path.sh
[10.159s] -- Installing: /home/tsmusr/ROS2Dev/hexapod_ws/install/hexapod_description/share/hexapod_description/environment/path.dsv
[10.159s] -- Installing: /home/tsmusr/ROS2Dev/hexapod_ws/install/hexapod_description/share/hexapod_description/local_setup.bash
[10.160s] -- Installing: /home/tsmusr/ROS2Dev/hexapod_ws/install/hexapod_description/share/hexapod_description/local_setup.sh
[10.166s] -- Installing: /home/tsmusr/ROS2Dev/hexapod_ws/install/hexapod_description/share/hexapod_description/local_setup.zsh
[10.167s] -- Installing: /home/tsmusr/ROS2Dev/hexapod_ws/install/hexapod_description/share/hexapod_description/local_setup.dsv
[10.170s] -- Installing: /home/tsmusr/ROS2Dev/hexapod_ws/install/hexapod_description/share/hexapod_description/package.dsv
[10.171s] -- Installing: /home/tsmusr/ROS2Dev/hexapod_ws/install/hexapod_description/share/ament_index/resource_index/packages/hexapod_description
[10.171s] -- Installing: /home/tsmusr/ROS2Dev/hexapod_ws/install/hexapod_description/share/hexapod_description/cmake/hexapod_descriptionConfig.cmake
[10.171s] -- Installing: /home/tsmusr/ROS2Dev/hexapod_ws/install/hexapod_description/share/hexapod_description/cmake/hexapod_descriptionConfig-version.cmake
[10.171s] -- Installing: /home/tsmusr/ROS2Dev/hexapod_ws/install/hexapod_description/share/hexapod_description/package.xml
[10.185s] Invoked command in '/home/tsmusr/ROS2Dev/hexapod_ws/build/hexapod_description' returned '0': CMAKE_PREFIX_PATH=${CMAKE_PREFIX_PATH}:/home/tsmusr/ROS2Dev/turtlebot3_ws/install/turtlebot3_teleop:/home/tsmusr/ROS2Dev/turtlebot3_ws/install/turtlebot3_example:/opt/ros/humble /usr/bin/cmake --install /home/tsmusr/ROS2Dev/hexapod_ws/build/hexapod_description
