[8.727s] DEBUG:colcon:Command line arguments: ['/usr/bin/colcon', 'build', '--packages-select', 'hexapod_description']
[8.727s] DEBUG:colcon:Parsed command line arguments: Namespace(log_base=None, log_level=None, verb_name='build', build_base='build', install_base='install', merge_install=False, symlink_install=False, test_result_base=None, continue_on_error=False, executor='parallel', parallel_workers=2, event_handlers=None, ignore_user_meta=False, metas=['./colcon.meta'], base_paths=['.'], packages_ignore=None, packages_ignore_regex=None, paths=None, packages_up_to=None, packages_up_to_regex=None, packages_above=None, packages_above_and_dependencies=None, packages_above_depth=None, packages_select_by_dep=None, packages_skip_by_dep=None, packages_skip_up_to=None, packages_select_build_failed=False, packages_skip_build_finished=False, packages_select_test_failures=False, packages_skip_test_passed=False, packages_select=['hexapod_description'], packages_skip=None, packages_select_regex=None, packages_skip_regex=None, packages_start=None, packages_end=None, allow_overriding=[], cmake_args=None, cmake_target=None, cmake_target_skip_unavailable=False, cmake_clean_cache=False, cmake_clean_first=False, cmake_force_configure=False, ament_cmake_args=None, catkin_cmake_args=None, catkin_skip_building_tests=False, mixin_files=None, mixin=None, verb_parser=<colcon_mixin.mixin.mixin_argument.MixinArgumentDecorator object at 0x7f5c8af1b0d0>, verb_extension=<colcon_core.verb.build.BuildVerb object at 0x7f5c8af1a830>, main=<bound method BuildVerb.main of <colcon_core.verb.build.BuildVerb object at 0x7f5c8af1a830>>, mixin_verb=('build',))
[9.173s] Level 1:colcon.colcon_core.package_discovery:discover_packages(colcon_meta) check parameters
[9.174s] Level 1:colcon.colcon_core.package_discovery:discover_packages(recursive) check parameters
[9.174s] Level 1:colcon.colcon_core.package_discovery:discover_packages(ignore) check parameters
[9.175s] Level 1:colcon.colcon_core.package_discovery:discover_packages(path) check parameters
[9.175s] Level 1:colcon.colcon_core.package_discovery:discover_packages(colcon_meta) discover
[9.176s] Level 1:colcon.colcon_core.package_discovery:discover_packages(recursive) discover
[9.176s] INFO:colcon.colcon_core.package_discovery:Crawling recursively for packages in '/home/tsmusr/ROS2Dev/hexapod_ws'
[9.177s] Level 1:colcon.colcon_core.package_identification:_identify(.) by extensions ['ignore', 'ignore_ament_install']
[9.177s] Level 1:colcon.colcon_core.package_identification:_identify(.) by extension 'ignore'
[9.178s] Level 1:colcon.colcon_core.package_identification:_identify(.) by extension 'ignore_ament_install'
[9.178s] Level 1:colcon.colcon_core.package_identification:_identify(.) by extensions ['colcon_pkg']
[9.179s] Level 1:colcon.colcon_core.package_identification:_identify(.) by extension 'colcon_pkg'
[9.179s] Level 1:colcon.colcon_core.package_identification:_identify(.) by extensions ['colcon_meta']
[9.180s] Level 1:colcon.colcon_core.package_identification:_identify(.) by extension 'colcon_meta'
[9.180s] Level 1:colcon.colcon_core.package_identification:_identify(.) by extensions ['ros']
[9.180s] Level 1:colcon.colcon_core.package_identification:_identify(.) by extension 'ros'
[9.227s] Level 1:colcon.colcon_core.package_identification:_identify(.) by extensions ['cmake', 'python']
[9.227s] Level 1:colcon.colcon_core.package_identification:_identify(.) by extension 'cmake'
[9.228s] Level 1:colcon.colcon_core.package_identification:_identify(.) by extension 'python'
[9.229s] Level 1:colcon.colcon_core.package_identification:_identify(.) by extensions ['python_setup_py']
[9.230s] Level 1:colcon.colcon_core.package_identification:_identify(.) by extension 'python_setup_py'
[9.230s] Level 1:colcon.colcon_core.package_identification:_identify(build) by extensions ['ignore', 'ignore_ament_install']
[9.231s] Level 1:colcon.colcon_core.package_identification:_identify(build) by extension 'ignore'
[9.232s] Level 1:colcon.colcon_core.package_identification:_identify(build) ignored
[9.232s] Level 1:colcon.colcon_core.package_identification:_identify(install) by extensions ['ignore', 'ignore_ament_install']
[9.233s] Level 1:colcon.colcon_core.package_identification:_identify(install) by extension 'ignore'
[9.234s] Level 1:colcon.colcon_core.package_identification:_identify(install) ignored
[9.234s] Level 1:colcon.colcon_core.package_identification:_identify(log) by extensions ['ignore', 'ignore_ament_install']
[9.235s] Level 1:colcon.colcon_core.package_identification:_identify(log) by extension 'ignore'
[9.235s] Level 1:colcon.colcon_core.package_identification:_identify(log) ignored
[9.236s] Level 1:colcon.colcon_core.package_identification:_identify(src) by extensions ['ignore', 'ignore_ament_install']
[9.236s] Level 1:colcon.colcon_core.package_identification:_identify(src) by extension 'ignore'
[9.237s] Level 1:colcon.colcon_core.package_identification:_identify(src) by extension 'ignore_ament_install'
[9.239s] Level 1:colcon.colcon_core.package_identification:_identify(src) by extensions ['colcon_pkg']
[9.240s] Level 1:colcon.colcon_core.package_identification:_identify(src) by extension 'colcon_pkg'
[9.240s] Level 1:colcon.colcon_core.package_identification:_identify(src) by extensions ['colcon_meta']
[9.241s] Level 1:colcon.colcon_core.package_identification:_identify(src) by extension 'colcon_meta'
[9.241s] Level 1:colcon.colcon_core.package_identification:_identify(src) by extensions ['ros']
[9.242s] Level 1:colcon.colcon_core.package_identification:_identify(src) by extension 'ros'
[9.242s] Level 1:colcon.colcon_core.package_identification:_identify(src) by extensions ['cmake', 'python']
[9.243s] Level 1:colcon.colcon_core.package_identification:_identify(src) by extension 'cmake'
[9.243s] Level 1:colcon.colcon_core.package_identification:_identify(src) by extension 'python'
[9.243s] Level 1:colcon.colcon_core.package_identification:_identify(src) by extensions ['python_setup_py']
[9.244s] Level 1:colcon.colcon_core.package_identification:_identify(src) by extension 'python_setup_py'
[9.244s] Level 1:colcon.colcon_core.package_identification:_identify(src/hexapod_description) by extensions ['ignore', 'ignore_ament_install']
[9.245s] Level 1:colcon.colcon_core.package_identification:_identify(src/hexapod_description) by extension 'ignore'
[9.248s] Level 1:colcon.colcon_core.package_identification:_identify(src/hexapod_description) by extension 'ignore_ament_install'
[9.249s] Level 1:colcon.colcon_core.package_identification:_identify(src/hexapod_description) by extensions ['colcon_pkg']
[9.249s] Level 1:colcon.colcon_core.package_identification:_identify(src/hexapod_description) by extension 'colcon_pkg'
[9.251s] Level 1:colcon.colcon_core.package_identification:_identify(src/hexapod_description) by extensions ['colcon_meta']
[9.252s] Level 1:colcon.colcon_core.package_identification:_identify(src/hexapod_description) by extension 'colcon_meta'
[9.252s] Level 1:colcon.colcon_core.package_identification:_identify(src/hexapod_description) by extensions ['ros']
[9.253s] Level 1:colcon.colcon_core.package_identification:_identify(src/hexapod_description) by extension 'ros'
[9.277s] DEBUG:colcon.colcon_core.package_identification:Package 'src/hexapod_description' with type 'ros.ament_cmake' and name 'hexapod_description'
[9.278s] Level 1:colcon.colcon_core.package_discovery:discover_packages(recursive) using defaults
[9.279s] Level 1:colcon.colcon_core.package_discovery:discover_packages(ignore) discover
[9.279s] Level 1:colcon.colcon_core.package_discovery:discover_packages(ignore) using defaults
[9.280s] Level 1:colcon.colcon_core.package_discovery:discover_packages(path) discover
[9.280s] Level 1:colcon.colcon_core.package_discovery:discover_packages(path) using defaults
[9.981s] Level 1:colcon.colcon_core.package_discovery:discover_packages(prefix_path) check parameters
[9.982s] Level 1:colcon.colcon_core.package_discovery:discover_packages(prefix_path) discover
[10.211s] DEBUG:colcon.colcon_installed_package_information.package_discovery:Found 1 installed packages in /home/tsmusr/ROS2Dev/hexapod_ws/install
[10.322s] DEBUG:colcon.colcon_installed_package_information.package_discovery:Found 0 installed packages in /home/tsmusr/ws_moveit2/install
[10.423s] DEBUG:colcon.colcon_installed_package_information.package_discovery:Found 15 installed packages in /home/tsmusr/ROS2Dev/turtlebot3_ws/install
[10.489s] DEBUG:colcon.colcon_installed_package_information.package_discovery:Found 2 installed packages in /home/tsmusr/ROS2Dev/my_robot_ws/install
[10.583s] DEBUG:colcon.colcon_installed_package_information.package_discovery:Found 395 installed packages in /opt/ros/humble
[10.597s] Level 1:colcon.colcon_core.package_discovery:discover_packages(prefix_path) using defaults
[11.448s] Level 5:colcon.colcon_core.verb:set package 'hexapod_description' build argument 'cmake_args' from command line to 'None'
[11.449s] Level 5:colcon.colcon_core.verb:set package 'hexapod_description' build argument 'cmake_target' from command line to 'None'
[11.450s] Level 5:colcon.colcon_core.verb:set package 'hexapod_description' build argument 'cmake_target_skip_unavailable' from command line to 'False'
[11.450s] Level 5:colcon.colcon_core.verb:set package 'hexapod_description' build argument 'cmake_clean_cache' from command line to 'False'
[11.451s] Level 5:colcon.colcon_core.verb:set package 'hexapod_description' build argument 'cmake_clean_first' from command line to 'False'
[11.451s] Level 5:colcon.colcon_core.verb:set package 'hexapod_description' build argument 'cmake_force_configure' from command line to 'False'
[11.451s] Level 5:colcon.colcon_core.verb:set package 'hexapod_description' build argument 'ament_cmake_args' from command line to 'None'
[11.452s] Level 5:colcon.colcon_core.verb:set package 'hexapod_description' build argument 'catkin_cmake_args' from command line to 'None'
[11.452s] Level 5:colcon.colcon_core.verb:set package 'hexapod_description' build argument 'catkin_skip_building_tests' from command line to 'False'
[11.452s] DEBUG:colcon.colcon_core.verb:Building package 'hexapod_description' with the following arguments: {'ament_cmake_args': None, 'build_base': '/home/tsmusr/ROS2Dev/hexapod_ws/build/hexapod_description', 'catkin_cmake_args': None, 'catkin_skip_building_tests': False, 'cmake_args': None, 'cmake_clean_cache': False, 'cmake_clean_first': False, 'cmake_force_configure': False, 'cmake_target': None, 'cmake_target_skip_unavailable': False, 'install_base': '/home/tsmusr/ROS2Dev/hexapod_ws/install/hexapod_description', 'merge_install': False, 'path': '/home/tsmusr/ROS2Dev/hexapod_ws/src/hexapod_description', 'symlink_install': False, 'test_result_base': None}
[11.521s] INFO:colcon.colcon_core.executor:Executing jobs using 'parallel' executor
[11.591s] DEBUG:colcon.colcon_parallel_executor.executor.parallel:run_until_complete
[11.592s] INFO:colcon.colcon_ros.task.ament_cmake.build:Building ROS package in '/home/tsmusr/ROS2Dev/hexapod_ws/src/hexapod_description' with build type 'ament_cmake'
[11.593s] INFO:colcon.colcon_cmake.task.cmake.build:Building CMake package in '/home/tsmusr/ROS2Dev/hexapod_ws/src/hexapod_description'
[11.739s] INFO:colcon.colcon_core.plugin_system:Skipping extension 'colcon_core.shell.bat': Not used on non-Windows systems
[11.740s] INFO:colcon.colcon_core.shell:Skip shell extension 'powershell' for command environment: Not usable outside of PowerShell
[11.740s] DEBUG:colcon.colcon_core.shell:Skip shell extension 'dsv' for command environment
[12.509s] DEBUG:colcon.colcon_core.event_handler.log_command:Invoking command in '/home/tsmusr/ROS2Dev/hexapod_ws/build/hexapod_description': CMAKE_PREFIX_PATH=${CMAKE_PREFIX_PATH}:/home/tsmusr/ROS2Dev/turtlebot3_ws/install/turtlebot3_teleop:/home/tsmusr/ROS2Dev/turtlebot3_ws/install/turtlebot3_example:/opt/ros/humble /usr/bin/cmake /home/tsmusr/ROS2Dev/hexapod_ws/src/hexapod_description -DCMAKE_INSTALL_PREFIX=/home/tsmusr/ROS2Dev/hexapod_ws/install/hexapod_description
[21.009s] DEBUG:colcon.colcon_core.event_handler.log_command:Invoked command in '/home/tsmusr/ROS2Dev/hexapod_ws/build/hexapod_description' returned '0': CMAKE_PREFIX_PATH=${CMAKE_PREFIX_PATH}:/home/tsmusr/ROS2Dev/turtlebot3_ws/install/turtlebot3_teleop:/home/tsmusr/ROS2Dev/turtlebot3_ws/install/turtlebot3_example:/opt/ros/humble /usr/bin/cmake /home/tsmusr/ROS2Dev/hexapod_ws/src/hexapod_description -DCMAKE_INSTALL_PREFIX=/home/tsmusr/ROS2Dev/hexapod_ws/install/hexapod_description
[21.012s] DEBUG:colcon.colcon_core.event_handler.log_command:Invoking command in '/home/tsmusr/ROS2Dev/hexapod_ws/build/hexapod_description': CMAKE_PREFIX_PATH=${CMAKE_PREFIX_PATH}:/home/tsmusr/ROS2Dev/turtlebot3_ws/install/turtlebot3_teleop:/home/tsmusr/ROS2Dev/turtlebot3_ws/install/turtlebot3_example:/opt/ros/humble /usr/bin/cmake --build /home/tsmusr/ROS2Dev/hexapod_ws/build/hexapod_description -- -j2 -l2
[21.296s] DEBUG:colcon.colcon_core.event_handler.log_command:Invoked command in '/home/tsmusr/ROS2Dev/hexapod_ws/build/hexapod_description' returned '0': CMAKE_PREFIX_PATH=${CMAKE_PREFIX_PATH}:/home/tsmusr/ROS2Dev/turtlebot3_ws/install/turtlebot3_teleop:/home/tsmusr/ROS2Dev/turtlebot3_ws/install/turtlebot3_example:/opt/ros/humble /usr/bin/cmake --build /home/tsmusr/ROS2Dev/hexapod_ws/build/hexapod_description -- -j2 -l2
[21.625s] DEBUG:colcon.colcon_core.event_handler.log_command:Invoking command in '/home/tsmusr/ROS2Dev/hexapod_ws/build/hexapod_description': CMAKE_PREFIX_PATH=${CMAKE_PREFIX_PATH}:/home/tsmusr/ROS2Dev/turtlebot3_ws/install/turtlebot3_teleop:/home/tsmusr/ROS2Dev/turtlebot3_ws/install/turtlebot3_example:/opt/ros/humble /usr/bin/cmake --install /home/tsmusr/ROS2Dev/hexapod_ws/build/hexapod_description
[21.788s] Level 1:colcon.colcon_core.environment:create_environment_scripts_only(hexapod_description)
[21.789s] DEBUG:colcon.colcon_core.event_handler.log_command:Invoked command in '/home/tsmusr/ROS2Dev/hexapod_ws/build/hexapod_description' returned '0': CMAKE_PREFIX_PATH=${CMAKE_PREFIX_PATH}:/home/tsmusr/ROS2Dev/turtlebot3_ws/install/turtlebot3_teleop:/home/tsmusr/ROS2Dev/turtlebot3_ws/install/turtlebot3_example:/opt/ros/humble /usr/bin/cmake --install /home/tsmusr/ROS2Dev/hexapod_ws/build/hexapod_description
[21.987s] Level 1:colcon.colcon_core.environment:checking '/home/tsmusr/ROS2Dev/hexapod_ws/install/hexapod_description' for CMake module files
[21.990s] Level 1:colcon.colcon_core.environment:checking '/home/tsmusr/ROS2Dev/hexapod_ws/install/hexapod_description' for CMake config files
[21.991s] Level 1:colcon.colcon_core.shell:create_environment_hook('hexapod_description', 'cmake_prefix_path')
[22.148s] INFO:colcon.colcon_core.shell:Creating environment hook '/home/tsmusr/ROS2Dev/hexapod_ws/install/hexapod_description/share/hexapod_description/hook/cmake_prefix_path.ps1'
[22.165s] INFO:colcon.colcon_core.shell:Creating environment descriptor '/home/tsmusr/ROS2Dev/hexapod_ws/install/hexapod_description/share/hexapod_description/hook/cmake_prefix_path.dsv'
[22.169s] INFO:colcon.colcon_core.shell:Creating environment hook '/home/tsmusr/ROS2Dev/hexapod_ws/install/hexapod_description/share/hexapod_description/hook/cmake_prefix_path.sh'
[22.177s] Level 1:colcon.colcon_core.environment:checking '/home/tsmusr/ROS2Dev/hexapod_ws/install/hexapod_description/bin'
[22.178s] Level 1:colcon.colcon_core.environment:checking '/home/tsmusr/ROS2Dev/hexapod_ws/install/hexapod_description/lib/pkgconfig/hexapod_description.pc'
[22.179s] Level 1:colcon.colcon_core.environment:checking '/home/tsmusr/ROS2Dev/hexapod_ws/install/hexapod_description/lib/python3.10/site-packages'
[22.180s] Level 1:colcon.colcon_core.environment:checking '/home/tsmusr/ROS2Dev/hexapod_ws/install/hexapod_description/bin'
[22.347s] INFO:colcon.colcon_core.shell:Creating package script '/home/tsmusr/ROS2Dev/hexapod_ws/install/hexapod_description/share/hexapod_description/package.ps1'
[22.351s] INFO:colcon.colcon_core.shell:Creating package descriptor '/home/tsmusr/ROS2Dev/hexapod_ws/install/hexapod_description/share/hexapod_description/package.dsv'
[22.355s] INFO:colcon.colcon_core.shell:Creating package script '/home/tsmusr/ROS2Dev/hexapod_ws/install/hexapod_description/share/hexapod_description/package.sh'
[22.363s] INFO:colcon.colcon_core.shell:Creating package script '/home/tsmusr/ROS2Dev/hexapod_ws/install/hexapod_description/share/hexapod_description/package.bash'
[22.368s] INFO:colcon.colcon_core.shell:Creating package script '/home/tsmusr/ROS2Dev/hexapod_ws/install/hexapod_description/share/hexapod_description/package.zsh'
[22.372s] Level 1:colcon.colcon_core.environment:create_file_with_runtime_dependencies(/home/tsmusr/ROS2Dev/hexapod_ws/install/hexapod_description/share/colcon-core/packages/hexapod_description)
[22.650s] Level 1:colcon.colcon_core.environment:create_environment_scripts_only(hexapod_description)
[22.759s] Level 1:colcon.colcon_core.environment:checking '/home/tsmusr/ROS2Dev/hexapod_ws/install/hexapod_description' for CMake module files
[22.761s] Level 1:colcon.colcon_core.environment:checking '/home/tsmusr/ROS2Dev/hexapod_ws/install/hexapod_description' for CMake config files
[22.761s] Level 1:colcon.colcon_core.shell:create_environment_hook('hexapod_description', 'cmake_prefix_path')
[22.891s] INFO:colcon.colcon_core.shell:Creating environment hook '/home/tsmusr/ROS2Dev/hexapod_ws/install/hexapod_description/share/hexapod_description/hook/cmake_prefix_path.ps1'
[22.894s] INFO:colcon.colcon_core.shell:Creating environment descriptor '/home/tsmusr/ROS2Dev/hexapod_ws/install/hexapod_description/share/hexapod_description/hook/cmake_prefix_path.dsv'
[22.896s] INFO:colcon.colcon_core.shell:Creating environment hook '/home/tsmusr/ROS2Dev/hexapod_ws/install/hexapod_description/share/hexapod_description/hook/cmake_prefix_path.sh'
[22.901s] Level 1:colcon.colcon_core.environment:checking '/home/tsmusr/ROS2Dev/hexapod_ws/install/hexapod_description/bin'
[22.901s] Level 1:colcon.colcon_core.environment:checking '/home/tsmusr/ROS2Dev/hexapod_ws/install/hexapod_description/lib/pkgconfig/hexapod_description.pc'
[22.903s] Level 1:colcon.colcon_core.environment:checking '/home/tsmusr/ROS2Dev/hexapod_ws/install/hexapod_description/lib/python3.10/site-packages'
[22.904s] Level 1:colcon.colcon_core.environment:checking '/home/tsmusr/ROS2Dev/hexapod_ws/install/hexapod_description/bin'
[23.091s] INFO:colcon.colcon_core.shell:Creating package script '/home/tsmusr/ROS2Dev/hexapod_ws/install/hexapod_description/share/hexapod_description/package.ps1'
[23.098s] INFO:colcon.colcon_core.shell:Creating package descriptor '/home/tsmusr/ROS2Dev/hexapod_ws/install/hexapod_description/share/hexapod_description/package.dsv'
[23.102s] INFO:colcon.colcon_core.shell:Creating package script '/home/tsmusr/ROS2Dev/hexapod_ws/install/hexapod_description/share/hexapod_description/package.sh'
[23.108s] INFO:colcon.colcon_core.shell:Creating package script '/home/tsmusr/ROS2Dev/hexapod_ws/install/hexapod_description/share/hexapod_description/package.bash'
[23.111s] INFO:colcon.colcon_core.shell:Creating package script '/home/tsmusr/ROS2Dev/hexapod_ws/install/hexapod_description/share/hexapod_description/package.zsh'
[23.117s] Level 1:colcon.colcon_core.environment:create_file_with_runtime_dependencies(/home/tsmusr/ROS2Dev/hexapod_ws/install/hexapod_description/share/colcon-core/packages/hexapod_description)
[23.119s] DEBUG:colcon.colcon_parallel_executor.executor.parallel:closing loop
[23.125s] DEBUG:colcon.colcon_parallel_executor.executor.parallel:loop closed
[23.126s] DEBUG:colcon.colcon_parallel_executor.executor.parallel:run_until_complete finished with '0'
[23.126s] DEBUG:colcon.colcon_core.event_reactor:joining thread
[23.355s] INFO:colcon.colcon_core.plugin_system:Skipping extension 'colcon_notification.desktop_notification.terminal_notifier': Not used on non-Darwin systems
[23.356s] INFO:colcon.colcon_core.plugin_system:Skipping extension 'colcon_notification.desktop_notification.win32': Not used on non-Windows systems
[23.356s] INFO:colcon.colcon_notification.desktop_notification:Sending desktop notification using 'notify2'
[23.982s] DEBUG:colcon.colcon_core.event_reactor:joined thread
[24.155s] INFO:colcon.colcon_core.shell:Creating prefix script '/home/tsmusr/ROS2Dev/hexapod_ws/install/local_setup.ps1'
[24.171s] INFO:colcon.colcon_core.shell:Creating prefix util module '/home/tsmusr/ROS2Dev/hexapod_ws/install/_local_setup_util_ps1.py'
[24.185s] INFO:colcon.colcon_core.shell:Creating prefix chain script '/home/tsmusr/ROS2Dev/hexapod_ws/install/setup.ps1'
[24.323s] INFO:colcon.colcon_core.shell:Creating prefix script '/home/tsmusr/ROS2Dev/hexapod_ws/install/local_setup.sh'
[24.328s] INFO:colcon.colcon_core.shell:Creating prefix util module '/home/tsmusr/ROS2Dev/hexapod_ws/install/_local_setup_util_sh.py'
[24.335s] INFO:colcon.colcon_core.shell:Creating prefix chain script '/home/tsmusr/ROS2Dev/hexapod_ws/install/setup.sh'
[24.421s] INFO:colcon.colcon_core.shell:Creating prefix script '/home/tsmusr/ROS2Dev/hexapod_ws/install/local_setup.bash'
[24.426s] INFO:colcon.colcon_core.shell:Creating prefix chain script '/home/tsmusr/ROS2Dev/hexapod_ws/install/setup.bash'
[24.532s] INFO:colcon.colcon_core.shell:Creating prefix script '/home/tsmusr/ROS2Dev/hexapod_ws/install/local_setup.zsh'
[24.537s] INFO:colcon.colcon_core.shell:Creating prefix chain script '/home/tsmusr/ROS2Dev/hexapod_ws/install/setup.zsh'
