-- Install configuration: ""
-- Up-to-date: /home/tsmusr/ROS2Dev/hexapod_ws/install/hexapodLegC_description/share/hexapodLegC_description//rviz
-- Up-to-date: /home/tsmusr/ROS2Dev/hexapod_ws/install/hexapodLegC_description/share/hexapodLegC_description//rviz/legC.rviz
-- Up-to-date: /home/tsmusr/ROS2Dev/hexapod_ws/install/hexapodLegC_description/share/hexapodLegC_description//launch
-- Up-to-date: /home/tsmusr/ROS2Dev/hexapod_ws/install/hexapodLegC_description/share/hexapodLegC_description//launch/start_rviz.launch.py
-- Installing: /home/tsmusr/ROS2Dev/hexapod_ws/install/hexapodLegC_description/share/hexapodLegC_description//launch/legC.launch.py
-- Up-to-date: /home/tsmusr/ROS2Dev/hexapod_ws/install/hexapodLegC_description/share/hexapodLegC_description//legC
-- Up-to-date: /home/tsmusr/ROS2Dev/hexapod_ws/install/hexapodLegC_description/share/hexapodLegC_description//legC/rudderdisk_v2.part
-- Up-to-date: /home/tsmusr/ROS2Dev/hexapod_ws/install/hexapodLegC_description/share/hexapodLegC_description//legC/rudderdisk_v2.stl
-- Up-to-date: /home/tsmusr/ROS2Dev/hexapod_ws/install/hexapodLegC_description/share/hexapodLegC_description//legC/config.json
-- Up-to-date: /home/tsmusr/ROS2Dev/hexapod_ws/install/hexapodLegC_description/share/hexapodLegC_description//legC/yb-sd15m-top-cover-ld_v3.part
-- Up-to-date: /home/tsmusr/ROS2Dev/hexapod_ws/install/hexapodLegC_description/share/hexapodLegC_description//legC/robot.urdf
-- Up-to-date: /home/tsmusr/ROS2Dev/hexapod_ws/install/hexapodLegC_description/share/hexapodLegC_description//legC/yb-sd15m-top-cover-ld_v3.stl
-- Up-to-date: /home/tsmusr/ROS2Dev/hexapod_ws/install/hexapodLegC_description/share/hexapodLegC_description//legC/yb-sd15m-middle-cover-ld_v2.part
-- Up-to-date: /home/tsmusr/ROS2Dev/hexapod_ws/install/hexapodLegC_description/share/hexapodLegC_description//legC/yb-sd15m-bottom-cover-ld_v2.stl
-- Up-to-date: /home/tsmusr/ROS2Dev/hexapod_ws/install/hexapodLegC_description/share/hexapodLegC_description//legC/auxrudderdisk_v2.part
-- Up-to-date: /home/tsmusr/ROS2Dev/hexapod_ws/install/hexapodLegC_description/share/hexapodLegC_description//legC/yb-sd15m-bottom-cover-ld_v2.part
-- Up-to-date: /home/tsmusr/ROS2Dev/hexapod_ws/install/hexapodLegC_description/share/hexapodLegC_description//legC/tibia.part
-- Up-to-date: /home/tsmusr/ROS2Dev/hexapod_ws/install/hexapodLegC_description/share/hexapodLegC_description//legC/tibia.stl
-- Up-to-date: /home/tsmusr/ROS2Dev/hexapod_ws/install/hexapodLegC_description/share/hexapodLegC_description//legC/yb-sd15m-middle-cover-ld_v2.stl
-- Up-to-date: /home/tsmusr/ROS2Dev/hexapod_ws/install/hexapodLegC_description/share/hexapodLegC_description//legC/auxrudderdisk_v2.stl
-- Up-to-date: /home/tsmusr/ROS2Dev/hexapod_ws/install/hexapodLegC_description/share/hexapodLegC_description//legC/femuraux.part
-- Up-to-date: /home/tsmusr/ROS2Dev/hexapod_ws/install/hexapodLegC_description/share/hexapodLegC_description//legC/femuraux.stl
-- Up-to-date: /home/tsmusr/ROS2Dev/hexapod_ws/install/hexapodLegC_description/share/ament_index/resource_index/package_run_dependencies/hexapodLegC_description
-- Up-to-date: /home/tsmusr/ROS2Dev/hexapod_ws/install/hexapodLegC_description/share/ament_index/resource_index/parent_prefix_path/hexapodLegC_description
-- Up-to-date: /home/tsmusr/ROS2Dev/hexapod_ws/install/hexapodLegC_description/share/hexapodLegC_description/environment/ament_prefix_path.sh
-- Up-to-date: /home/tsmusr/ROS2Dev/hexapod_ws/install/hexapodLegC_description/share/hexapodLegC_description/environment/ament_prefix_path.dsv
-- Up-to-date: /home/tsmusr/ROS2Dev/hexapod_ws/install/hexapodLegC_description/share/hexapodLegC_description/environment/path.sh
-- Up-to-date: /home/tsmusr/ROS2Dev/hexapod_ws/install/hexapodLegC_description/share/hexapodLegC_description/environment/path.dsv
-- Up-to-date: /home/tsmusr/ROS2Dev/hexapod_ws/install/hexapodLegC_description/share/hexapodLegC_description/local_setup.bash
-- Up-to-date: /home/tsmusr/ROS2Dev/hexapod_ws/install/hexapodLegC_description/share/hexapodLegC_description/local_setup.sh
-- Up-to-date: /home/tsmusr/ROS2Dev/hexapod_ws/install/hexapodLegC_description/share/hexapodLegC_description/local_setup.zsh
-- Up-to-date: /home/tsmusr/ROS2Dev/hexapod_ws/install/hexapodLegC_description/share/hexapodLegC_description/local_setup.dsv
-- Installing: /home/tsmusr/ROS2Dev/hexapod_ws/install/hexapodLegC_description/share/hexapodLegC_description/package.dsv
-- Up-to-date: /home/tsmusr/ROS2Dev/hexapod_ws/install/hexapodLegC_description/share/ament_index/resource_index/packages/hexapodLegC_description
-- Up-to-date: /home/tsmusr/ROS2Dev/hexapod_ws/install/hexapodLegC_description/share/hexapodLegC_description/cmake/hexapodLegC_descriptionConfig.cmake
-- Up-to-date: /home/tsmusr/ROS2Dev/hexapod_ws/install/hexapodLegC_description/share/hexapodLegC_description/cmake/hexapodLegC_descriptionConfig-version.cmake
-- Up-to-date: /home/tsmusr/ROS2Dev/hexapod_ws/install/hexapodLegC_description/share/hexapodLegC_description/package.xml
