-- Install configuration: ""
-- Up-to-date: /home/tsmusr/ROS2Dev/hexapod_ws/install/hexapod_description/share/hexapod_description//rviz
-- Up-to-date: /home/tsmusr/ROS2Dev/hexapod_ws/install/hexapod_description/share/hexapod_description//rviz/hexapodv1.rviz
-- Up-to-date: /home/tsmusr/ROS2Dev/hexapod_ws/install/hexapod_description/share/hexapod_description//launch
-- Up-to-date: /home/tsmusr/ROS2Dev/hexapod_ws/install/hexapod_description/share/hexapod_description//launch/hexapodv1.launch.py
-- Up-to-date: /home/tsmusr/ROS2Dev/hexapod_ws/install/hexapod_description/share/hexapod_description//launch/start_rviz.launch.py
-- Up-to-date: /home/tsmusr/ROS2Dev/hexapod_ws/install/hexapod_description/share/hexapod_description//hexapodv1
-- Up-to-date: /home/tsmusr/ROS2Dev/hexapod_ws/install/hexapod_description/share/hexapod_description//hexapodv1/tibiamot.stl
-- Up-to-date: /home/tsmusr/ROS2Dev/hexapod_ws/install/hexapod_description/share/hexapod_description//hexapodv1/rudderdisk_v2.part
-- Up-to-date: /home/tsmusr/ROS2Dev/hexapod_ws/install/hexapod_description/share/hexapod_description//hexapodv1/rudderdisk_v2.stl
-- Up-to-date: /home/tsmusr/ROS2Dev/hexapod_ws/install/hexapod_description/share/hexapod_description//hexapodv1/config.json
-- Up-to-date: /home/tsmusr/ROS2Dev/hexapod_ws/install/hexapod_description/share/hexapod_description//hexapodv1/yb-sd15m-top-cover-ld_v3.part
-- Installing: /home/tsmusr/ROS2Dev/hexapod_ws/install/hexapod_description/share/hexapod_description//hexapodv1/robot.urdf
-- Up-to-date: /home/tsmusr/ROS2Dev/hexapod_ws/install/hexapod_description/share/hexapod_description//hexapodv1/yb-sd15m-top-cover-ld_v3.stl
-- Up-to-date: /home/tsmusr/ROS2Dev/hexapod_ws/install/hexapod_description/share/hexapod_description//hexapodv1/yb-sd15m-middle-cover-ld_v2.part
-- Up-to-date: /home/tsmusr/ROS2Dev/hexapod_ws/install/hexapod_description/share/hexapod_description//hexapodv1/part_1.stl
-- Up-to-date: /home/tsmusr/ROS2Dev/hexapod_ws/install/hexapod_description/share/hexapod_description//hexapodv1/coxa.stl
-- Up-to-date: /home/tsmusr/ROS2Dev/hexapod_ws/install/hexapod_description/share/hexapod_description//hexapodv1/yb-sd15m-bottom-cover-ld_v2.stl
-- Up-to-date: /home/tsmusr/ROS2Dev/hexapod_ws/install/hexapod_description/share/hexapod_description//hexapodv1/part_1.part
-- Up-to-date: /home/tsmusr/ROS2Dev/hexapod_ws/install/hexapod_description/share/hexapod_description//hexapodv1/auxrudderdisk_v2.part
-- Up-to-date: /home/tsmusr/ROS2Dev/hexapod_ws/install/hexapod_description/share/hexapod_description//hexapodv1/coxa.part
-- Up-to-date: /home/tsmusr/ROS2Dev/hexapod_ws/install/hexapod_description/share/hexapod_description//hexapodv1/yb-sd15m-bottom-cover-ld_v2.part
-- Up-to-date: /home/tsmusr/ROS2Dev/hexapod_ws/install/hexapod_description/share/hexapod_description//hexapodv1/tibia.part
-- Up-to-date: /home/tsmusr/ROS2Dev/hexapod_ws/install/hexapod_description/share/hexapod_description//hexapodv1/tibia.stl
-- Up-to-date: /home/tsmusr/ROS2Dev/hexapod_ws/install/hexapod_description/share/hexapod_description//hexapodv1/yb-sd15m-middle-cover-ld_v2.stl
-- Up-to-date: /home/tsmusr/ROS2Dev/hexapod_ws/install/hexapod_description/share/hexapod_description//hexapodv1/auxrudderdisk_v2.stl
-- Up-to-date: /home/tsmusr/ROS2Dev/hexapod_ws/install/hexapod_description/share/hexapod_description//hexapodv1/femuraux.part
-- Up-to-date: /home/tsmusr/ROS2Dev/hexapod_ws/install/hexapod_description/share/hexapod_description//hexapodv1/tibiamot.part
-- Up-to-date: /home/tsmusr/ROS2Dev/hexapod_ws/install/hexapod_description/share/hexapod_description//hexapodv1/femuraux.stl
-- Up-to-date: /home/tsmusr/ROS2Dev/hexapod_ws/install/hexapod_description/share/ament_index/resource_index/package_run_dependencies/hexapod_description
-- Up-to-date: /home/tsmusr/ROS2Dev/hexapod_ws/install/hexapod_description/share/ament_index/resource_index/parent_prefix_path/hexapod_description
-- Up-to-date: /home/tsmusr/ROS2Dev/hexapod_ws/install/hexapod_description/share/hexapod_description/environment/ament_prefix_path.sh
-- Up-to-date: /home/tsmusr/ROS2Dev/hexapod_ws/install/hexapod_description/share/hexapod_description/environment/ament_prefix_path.dsv
-- Up-to-date: /home/tsmusr/ROS2Dev/hexapod_ws/install/hexapod_description/share/hexapod_description/environment/path.sh
-- Up-to-date: /home/tsmusr/ROS2Dev/hexapod_ws/install/hexapod_description/share/hexapod_description/environment/path.dsv
-- Up-to-date: /home/tsmusr/ROS2Dev/hexapod_ws/install/hexapod_description/share/hexapod_description/local_setup.bash
-- Up-to-date: /home/tsmusr/ROS2Dev/hexapod_ws/install/hexapod_description/share/hexapod_description/local_setup.sh
-- Up-to-date: /home/tsmusr/ROS2Dev/hexapod_ws/install/hexapod_description/share/hexapod_description/local_setup.zsh
-- Up-to-date: /home/tsmusr/ROS2Dev/hexapod_ws/install/hexapod_description/share/hexapod_description/local_setup.dsv
-- Installing: /home/tsmusr/ROS2Dev/hexapod_ws/install/hexapod_description/share/hexapod_description/package.dsv
-- Up-to-date: /home/tsmusr/ROS2Dev/hexapod_ws/install/hexapod_description/share/ament_index/resource_index/packages/hexapod_description
-- Up-to-date: /home/tsmusr/ROS2Dev/hexapod_ws/install/hexapod_description/share/hexapod_description/cmake/hexapod_descriptionConfig.cmake
-- Up-to-date: /home/tsmusr/ROS2Dev/hexapod_ws/install/hexapod_description/share/hexapod_description/cmake/hexapod_descriptionConfig-version.cmake
-- Up-to-date: /home/tsmusr/ROS2Dev/hexapod_ws/install/hexapod_description/share/hexapod_description/package.xml
